<?xml version="1.0" encoding="UTF-8" standalone="yes"?><!DOCTYPE report PUBLIC "-//JACOCO//DTD Report 1.1//EN" "report.dtd"><report name="JetUML"><sessioninfo id="Sam-cf1d4b67" start="1760174030450" dump="1760174044770"/><package name="org/jetuml/diagram"><class name="org/jetuml/diagram/Diagram" sourcefilename="Diagram.java"><method name="&lt;init&gt;" desc="(Lorg/jetuml/diagram/DiagramType;)V" line="55"><counter type="INSTRUCTION" missed="0" covered="16"/><counter type="LINE" missed="0" covered="5"/><counter type="COMPLEXITY" missed="0" covered="1"/><counter type="METHOD" missed="0" covered="1"/></method><method name="duplicate" desc="()Lorg/jetuml/diagram/Diagram;" line="69"><counter type="INSTRUCTION" missed="0" covered="42"/><counter type="BRANCH" missed="0" covered="2"/><counter type="LINE" missed="0" covered="9"/><counter type="COMPLEXITY" missed="0" covered="2"/><counter type="METHOD" missed="0" covered="1"/></method><method name="reassignEdges" desc="(Ljava/util/List;Lorg/jetuml/diagram/Node;Lorg/jetuml/diagram/Node;)V" line="90"><counter type="INSTRUCTION" missed="0" covered="54"/><counter type="BRANCH" missed="0" covered="8"/><counter type="LINE" missed="0" covered="11"/><counter type="COMPLEXITY" missed="0" covered="5"/><counter type="METHOD" missed="0" covered="1"/></method><method name="rootNodes" desc="()Ljava/util/List;" line="112"><counter type="INSTRUCTION" missed="0" covered="4"/><counter type="LINE" missed="0" covered="1"/><counter type="COMPLEXITY" missed="0" covered="1"/><counter type="METHOD" missed="0" covered="1"/></method><method name="allNodes" desc="()Ljava/util/List;" line="121"><counter type="INSTRUCTION" missed="0" covered="11"/><counter type="LINE" missed="0" covered="3"/><counter type="COMPLEXITY" missed="0" covered="1"/><counter type="METHOD" missed="0" covered="1"/></method><method name="collectNodes" desc="(Lorg/jetuml/diagram/Node;Ljava/util/List;)V" line="131"><counter type="INSTRUCTION" missed="0" covered="10"/><counter type="LINE" missed="0" covered="3"/><counter type="COMPLEXITY" missed="0" covered="1"/><counter type="METHOD" missed="0" covered="1"/></method><method name="edges" desc="()Ljava/util/List;" line="138"><counter type="INSTRUCTION" missed="0" covered="4"/><counter type="LINE" missed="0" covered="1"/><counter type="COMPLEXITY" missed="0" covered="1"/><counter type="METHOD" missed="0" covered="1"/></method><method name="getType" desc="()Lorg/jetuml/diagram/DiagramType;" line="146"><counter type="INSTRUCTION" missed="0" covered="3"/><counter type="LINE" missed="0" covered="1"/><counter type="COMPLEXITY" missed="0" covered="1"/><counter type="METHOD" missed="0" covered="1"/></method><method name="getFileExtension" desc="()Ljava/lang/String;" line="154"><counter type="INSTRUCTION" missed="0" covered="4"/><counter type="LINE" missed="0" covered="1"/><counter type="COMPLEXITY" missed="0" covered="1"/><counter type="METHOD" missed="0" covered="1"/></method><method name="getName" desc="()Ljava/lang/String;" line="162"><counter type="INSTRUCTION" missed="0" covered="4"/><counter type="LINE" missed="0" covered="1"/><counter type="COMPLEXITY" missed="0" covered="1"/><counter type="METHOD" missed="0" covered="1"/></method><method name="contains" desc="(Lorg/jetuml/diagram/DiagramElement;)Z" line="175"><counter type="INSTRUCTION" missed="4" covered="31"/><counter type="BRANCH" missed="1" covered="7"/><counter type="LINE" missed="0" covered="8"/><counter type="COMPLEXITY" missed="1" covered="4"/><counter type="METHOD" missed="0" covered="1"/></method><method name="containsNode" desc="(Lorg/jetuml/diagram/Node;Lorg/jetuml/diagram/DiagramElement;)Z" line="192"><counter type="INSTRUCTION" missed="0" covered="26"/><counter type="BRANCH" missed="0" covered="6"/><counter type="LINE" missed="0" covered="7"/><counter type="COMPLEXITY" missed="0" covered="4"/><counter type="METHOD" missed="0" covered="1"/></method><method name="containsAsRoot" desc="(Lorg/jetuml/diagram/Node;)Z" line="213"><counter type="INSTRUCTION" missed="4" covered="8"/><counter type="BRANCH" missed="1" covered="1"/><counter type="LINE" missed="0" covered="2"/><counter type="COMPLEXITY" missed="1" covered="1"/><counter type="METHOD" missed="0" covered="1"/></method><method name="getPrototypes" desc="()Ljava/util/List;" line="225"><counter type="INSTRUCTION" missed="0" covered="4"/><counter type="LINE" missed="0" covered="1"/><counter type="COMPLEXITY" missed="0" covered="1"/><counter type="METHOD" missed="0" covered="1"/></method><method name="edgesConnectedTo" desc="(Lorg/jetuml/diagram/Node;)Ljava/lang/Iterable;" line="236"><counter type="INSTRUCTION" missed="4" covered="37"/><counter type="BRANCH" missed="2" covered="8"/><counter type="LINE" missed="0" covered="7"/><counter type="COMPLEXITY" missed="2" covered="4"/><counter type="METHOD" missed="0" covered="1"/></method><method name="edgesTo" desc="(Lorg/jetuml/diagram/Node;Ljava/lang/Class;)Ljava/util/List;" line="259"><counter type="INSTRUCTION" missed="4" covered="19"/><counter type="BRANCH" missed="2" covered="2"/><counter type="LINE" missed="0" covered="5"/><counter type="COMPLEXITY" missed="2" covered="1"/><counter type="METHOD" missed="0" covered="1"/></method><method name="addRootNode" desc="(Lorg/jetuml/diagram/Node;)V" line="275"><counter type="INSTRUCTION" missed="4" covered="9"/><counter type="BRANCH" missed="1" covered="1"/><counter type="LINE" missed="0" covered="3"/><counter type="COMPLEXITY" missed="1" covered="1"/><counter type="METHOD" missed="0" covered="1"/></method><method name="removeRootNode" desc="(Lorg/jetuml/diagram/Node;)V" line="288"><counter type="INSTRUCTION" missed="4" covered="14"/><counter type="BRANCH" missed="2" covered="2"/><counter type="LINE" missed="0" covered="3"/><counter type="COMPLEXITY" missed="2" covered="1"/><counter type="METHOD" missed="0" covered="1"/></method><method name="addEdge" desc="(Lorg/jetuml/diagram/Edge;)V" line="301"><counter type="INSTRUCTION" missed="4" covered="15"/><counter type="BRANCH" missed="3" covered="3"/><counter type="LINE" missed="0" covered="3"/><counter type="COMPLEXITY" missed="3" covered="1"/><counter type="METHOD" missed="0" covered="1"/></method><method name="addEdge" desc="(ILorg/jetuml/diagram/Edge;)V" line="314"><counter type="INSTRUCTION" missed="4" covered="16"/><counter type="BRANCH" missed="3" covered="3"/><counter type="LINE" missed="0" covered="3"/><counter type="COMPLEXITY" missed="3" covered="1"/><counter type="METHOD" missed="0" covered="1"/></method><method name="indexOf" desc="(Lorg/jetuml/diagram/Edge;)I" line="327"><counter type="INSTRUCTION" missed="4" covered="10"/><counter type="BRANCH" missed="1" covered="1"/><counter type="LINE" missed="0" covered="2"/><counter type="COMPLEXITY" missed="1" covered="1"/><counter type="METHOD" missed="0" covered="1"/></method><method name="removeEdge" desc="(Lorg/jetuml/diagram/Edge;)V" line="339"><counter type="INSTRUCTION" missed="4" covered="14"/><counter type="BRANCH" missed="2" covered="2"/><counter type="LINE" missed="0" covered="3"/><counter type="COMPLEXITY" missed="2" covered="1"/><counter type="METHOD" missed="0" covered="1"/></method><method name="placeOnTop" desc="(Lorg/jetuml/diagram/Node;)V" line="352"><counter type="INSTRUCTION" missed="4" covered="36"/><counter type="BRANCH" missed="2" covered="8"/><counter type="LINE" missed="0" covered="12"/><counter type="COMPLEXITY" missed="2" covered="4"/><counter type="METHOD" missed="0" covered="1"/></method><method name="lambda$edgesTo$4" desc="(Lorg/jetuml/diagram/Node;Lorg/jetuml/diagram/Edge;)Z" line="262"><counter type="INSTRUCTION" missed="0" covered="8"/><counter type="BRANCH" missed="0" covered="2"/><counter type="LINE" missed="0" covered="1"/><counter type="COMPLEXITY" missed="0" covered="2"/><counter type="METHOD" missed="0" covered="1"/></method><method name="lambda$collectNodes$3" desc="(Ljava/util/List;Lorg/jetuml/diagram/Node;)V" line="132"><counter type="INSTRUCTION" missed="0" covered="4"/><counter type="LINE" missed="0" covered="1"/><counter type="COMPLEXITY" missed="0" covered="1"/><counter type="METHOD" missed="0" covered="1"/></method><method name="lambda$allNodes$2" desc="(Ljava/util/List;Lorg/jetuml/diagram/Node;)V" line="122"><counter type="INSTRUCTION" missed="0" covered="4"/><counter type="LINE" missed="0" covered="1"/><counter type="COMPLEXITY" missed="0" covered="1"/><counter type="METHOD" missed="0" covered="1"/></method><method name="lambda$duplicate$1" desc="(Lorg/jetuml/diagram/Edge;)V" line="80"><counter type="INSTRUCTION" missed="0" covered="7"/><counter type="LINE" missed="0" covered="1"/><counter type="COMPLEXITY" missed="0" covered="1"/><counter type="METHOD" missed="0" covered="1"/></method><method name="lambda$duplicate$0" desc="(Lorg/jetuml/diagram/Diagram;Lorg/jetuml/diagram/Edge;)V" line="70"><counter type="INSTRUCTION" missed="0" covered="7"/><counter type="LINE" missed="0" covered="1"/><counter type="COMPLEXITY" missed="0" covered="1"/><counter type="METHOD" missed="0" covered="1"/></method><method name="&lt;clinit&gt;" desc="()V" line="39"><counter type="INSTRUCTION" missed="0" covered="1"/><counter type="LINE" missed="0" covered="1"/><counter type="COMPLEXITY" missed="0" covered="1"/><counter type="METHOD" missed="0" covered="1"/></method><counter type="INSTRUCTION" missed="44" covered="422"/><counter type="BRANCH" missed="20" covered="56"/><counter type="LINE" missed="0" covered="96"/><counter type="COMPLEXITY" missed="20" covered="47"/><counter type="METHOD" missed="0" covered="29"/><counter type="CLASS" missed="0" covered="1"/></class><class name="org/jetuml/diagram/Properties" sourcefilename="Properties.java"><method name="&lt;init&gt;" desc="()V" line="45"><counter type="INSTRUCTION" missed="0" covered="8"/><counter type="LINE" missed="0" covered="2"/><counter type="COMPLEXITY" missed="0" covered="1"/><counter type="METHOD" missed="0" covered="1"/></method><method name="add" desc="(Lorg/jetuml/diagram/PropertyName;Ljava/util/function/Supplier;Ljava/util/function/Consumer;)V" line="59"><counter type="INSTRUCTION" missed="4" covered="24"/><counter type="BRANCH" missed="4" covered="4"/><counter type="LINE" missed="0" covered="3"/><counter type="COMPLEXITY" missed="4" covered="1"/><counter type="METHOD" missed="0" covered="1"/></method><method name="get" desc="(Lorg/jetuml/diagram/PropertyName;)Lorg/jetuml/diagram/Property;" line="70"><counter type="INSTRUCTION" missed="4" covered="14"/><counter type="BRANCH" missed="2" covered="2"/><counter type="LINE" missed="0" covered="2"/><counter type="COMPLEXITY" missed="2" covered="1"/><counter type="METHOD" missed="0" covered="1"/></method><method name="addAt" desc="(Lorg/jetuml/diagram/PropertyName;Ljava/util/function/Supplier;Ljava/util/function/Consumer;I)V" line="88"><counter type="INSTRUCTION" missed="8" covered="46"/><counter type="BRANCH" missed="6" covered="6"/><counter type="LINE" missed="0" covered="7"/><counter type="COMPLEXITY" missed="6" covered="1"/><counter type="METHOD" missed="0" covered="1"/></method><method name="iterator" desc="()Ljava/util/Iterator;" line="99"><counter type="INSTRUCTION" missed="0" covered="6"/><counter type="LINE" missed="0" covered="1"/><counter type="COMPLEXITY" missed="0" covered="1"/><counter type="METHOD" missed="0" covered="1"/></method><method name="lambda$addAt$0" desc="(Lorg/jetuml/diagram/Property;)V" line="93"><counter type="INSTRUCTION" missed="0" covered="8"/><counter type="LINE" missed="0" covered="1"/><counter type="COMPLEXITY" missed="0" covered="1"/><counter type="METHOD" missed="0" covered="1"/></method><method name="&lt;clinit&gt;" desc="()V" line="45"><counter type="INSTRUCTION" missed="0" covered="1"/><counter type="LINE" missed="0" covered="1"/><counter type="COMPLEXITY" missed="0" covered="1"/><counter type="METHOD" missed="0" covered="1"/></method><counter type="INSTRUCTION" missed="16" covered="107"/><counter type="BRANCH" missed="12" covered="12"/><counter type="LINE" missed="0" covered="15"/><counter type="COMPLEXITY" missed="12" covered="7"/><counter type="METHOD" missed="0" covered="7"/><counter type="CLASS" missed="0" covered="1"/></class><class name="org/jetuml/diagram/Node" sourcefilename="Node.java"/><class name="org/jetuml/diagram/DiagramType" sourcefilename="DiagramType.java"><method name="&lt;init&gt;" desc="(Ljava/lang/String;ILjava/lang/String;Ljava/lang/String;Ljava/util/function/Function;Ljava/util/function/Function;Ljava/util/function/Function;[Lorg/jetuml/diagram/DiagramElement;)V" line="144"><counter type="INSTRUCTION" missed="4" covered="26"/><counter type="BRANCH" missed="1" covered="1"/><counter type="LINE" missed="0" covered="9"/><counter type="COMPLEXITY" missed="1" covered="1"/><counter type="METHOD" missed="0" covered="1"/></method><method name="fromName" desc="(Ljava/lang/String;)Lorg/jetuml/diagram/DiagramType;" line="161"><counter type="INSTRUCTION" missed="0" covered="31"/><counter type="BRANCH" missed="0" covered="4"/><counter type="LINE" missed="0" covered="4"/><counter type="COMPLEXITY" missed="0" covered="3"/><counter type="METHOD" missed="0" covered="1"/></method><method name="getFileExtension" desc="()Ljava/lang/String;" line="176"><counter type="INSTRUCTION" missed="0" covered="3"/><counter type="LINE" missed="0" covered="1"/><counter type="COMPLEXITY" missed="0" covered="1"/><counter type="METHOD" missed="0" covered="1"/></method><method name="getFileNameDescription" desc="()Ljava/lang/String;" line="184"><counter type="INSTRUCTION" missed="0" covered="7"/><counter type="LINE" missed="0" covered="1"/><counter type="COMPLEXITY" missed="0" covered="1"/><counter type="METHOD" missed="0" covered="1"/></method><method name="getPrototypes" desc="()Ljava/util/List;" line="196"><counter type="INSTRUCTION" missed="0" covered="4"/><counter type="LINE" missed="0" covered="1"/><counter type="COMPLEXITY" missed="0" covered="1"/><counter type="METHOD" missed="0" covered="1"/></method><method name="newBuilderInstanceFor" desc="(Lorg/jetuml/diagram/Diagram;)Lorg/jetuml/diagram/builder/DiagramBuilder;" line="208"><counter type="INSTRUCTION" missed="14" covered="0"/><counter type="BRANCH" missed="2" covered="0"/><counter type="LINE" missed="2" covered="0"/><counter type="COMPLEXITY" missed="2" covered="0"/><counter type="METHOD" missed="1" covered="0"/></method><method name="newRendererInstanceFor" desc="(Lorg/jetuml/diagram/Diagram;)Lorg/jetuml/rendering/DiagramRenderer;" line="221"><counter type="INSTRUCTION" missed="4" covered="10"/><counter type="BRANCH" missed="1" covered="1"/><counter type="LINE" missed="0" covered="2"/><counter type="COMPLEXITY" missed="1" covered="1"/><counter type="METHOD" missed="0" covered="1"/></method><method name="newValidatorInstanceFor" desc="(Lorg/jetuml/diagram/Diagram;)Lorg/jetuml/diagram/validator/DiagramValidator;" line="232"><counter type="INSTRUCTION" missed="4" covered="10"/><counter type="BRANCH" missed="1" covered="1"/><counter type="LINE" missed="0" covered="2"/><counter type="COMPLEXITY" missed="1" covered="1"/><counter type="METHOD" missed="0" covered="1"/></method><method name="getName" desc="()Ljava/lang/String;" line="241"><counter type="INSTRUCTION" missed="0" covered="3"/><counter type="LINE" missed="0" covered="1"/><counter type="COMPLEXITY" missed="0" covered="1"/><counter type="METHOD" missed="0" covered="1"/></method><method name="&lt;clinit&gt;" desc="()V" line="51"><counter type="INSTRUCTION" missed="0" covered="216"/><counter type="LINE" missed="0" covered="6"/><counter type="COMPLEXITY" missed="0" covered="1"/><counter type="METHOD" missed="0" covered="1"/></method><counter type="INSTRUCTION" missed="26" covered="310"/><counter type="BRANCH" missed="5" covered="7"/><counter type="LINE" missed="2" covered="27"/><counter type="COMPLEXITY" missed="5" covered="11"/><counter type="METHOD" missed="1" covered="9"/><counter type="CLASS" missed="0" covered="1"/></class><class name="org/jetuml/diagram/Property" sourcefilename="Property.java"><method name="&lt;init&gt;" desc="(Lorg/jetuml/diagram/PropertyName;Ljava/util/function/Supplier;Ljava/util/function/Consumer;)V" line="46"><counter type="INSTRUCTION" missed="4" covered="19"/><counter type="BRANCH" missed="3" covered="3"/><counter type="LINE" missed="0" covered="6"/><counter type="COMPLEXITY" missed="3" covered="1"/><counter type="METHOD" missed="0" covered="1"/></method><method name="name" desc="()Lorg/jetuml/diagram/PropertyName;" line="58"><counter type="INSTRUCTION" missed="0" covered="3"/><counter type="LINE" missed="0" covered="1"/><counter type="COMPLEXITY" missed="0" covered="1"/><counter type="METHOD" missed="0" covered="1"/></method><method name="get" desc="()Ljava/lang/Object;" line="66"><counter type="INSTRUCTION" missed="0" covered="4"/><counter type="LINE" missed="0" covered="1"/><counter type="COMPLEXITY" missed="0" covered="1"/><counter type="METHOD" missed="0" covered="1"/></method><method name="set" desc="(Ljava/lang/Object;)V" line="77"><counter type="INSTRUCTION" missed="4" covered="8"/><counter type="BRANCH" missed="1" covered="1"/><counter type="LINE" missed="0" covered="3"/><counter type="COMPLEXITY" missed="1" covered="1"/><counter type="METHOD" missed="0" covered="1"/></method><method name="&lt;clinit&gt;" desc="()V" line="31"><counter type="INSTRUCTION" missed="0" covered="1"/><counter type="LINE" missed="0" covered="1"/><counter type="COMPLEXITY" missed="0" covered="1"/><counter type="METHOD" missed="0" covered="1"/></method><counter type="INSTRUCTION" missed="8" covered="35"/><counter type="BRANCH" missed="4" covered="4"/><counter type="LINE" missed="0" covered="12"/><counter type="COMPLEXITY" missed="4" covered="5"/><counter type="METHOD" missed="0" covered="5"/><counter type="CLASS" missed="0" covered="1"/></class><class name="org/jetuml/diagram/Edge" sourcefilename="Edge.java"/><class name="org/jetuml/diagram/Prototypes" sourcefilename="Prototypes.java"><method name="&lt;init&gt;" desc="()V" line="63"><counter type="INSTRUCTION" missed="0" covered="8"/><counter type="LINE" missed="0" covered="2"/><counter type="COMPLEXITY" missed="0" covered="1"/><counter type="METHOD" missed="0" covered="1"/></method><method name="instance" desc="()Lorg/jetuml/diagram/Prototypes;" line="115"><counter type="INSTRUCTION" missed="0" covered="2"/><counter type="LINE" missed="0" covered="1"/><counter type="COMPLEXITY" missed="0" covered="1"/><counter type="METHOD" missed="0" covered="1"/></method><method name="create" desc="(Lorg/jetuml/diagram/DiagramElement;Ljava/lang/String;)Lorg/jetuml/diagram/DiagramElement;" line="120"><counter type="INSTRUCTION" missed="0" covered="8"/><counter type="LINE" missed="0" covered="2"/><counter type="COMPLEXITY" missed="0" covered="1"/><counter type="METHOD" missed="0" covered="1"/></method><method name="tooltip" desc="(Lorg/jetuml/diagram/DiagramElement;Z)Ljava/lang/String;" line="132"><counter type="INSTRUCTION" missed="14" covered="21"/><counter type="BRANCH" missed="4" covered="2"/><counter type="LINE" missed="2" covered="5"/><counter type="COMPLEXITY" missed="3" covered="1"/><counter type="METHOD" missed="0" covered="1"/></method><method name="&lt;clinit&gt;" desc="()V" line="62"><counter type="INSTRUCTION" missed="0" covered="183"/><counter type="LINE" missed="0" covered="38"/><counter type="COMPLEXITY" missed="0" covered="1"/><counter type="METHOD" missed="0" covered="1"/></method><counter type="INSTRUCTION" missed="14" covered="222"/><counter type="BRANCH" missed="4" covered="2"/><counter type="LINE" missed="2" covered="48"/><counter type="COMPLEXITY" missed="3" covered="5"/><counter type="METHOD" missed="0" covered="5"/><counter type="CLASS" missed="0" covered="1"/></class><class name="org/jetuml/diagram/PropertyName" sourcefilename="PropertyName.java"><method name="&lt;init&gt;" desc="(Ljava/lang/String;ILjava/lang/String;)V" line="55"><counter type="INSTRUCTION" missed="4" covered="11"/><counter type="BRANCH" missed="1" covered="1"/><counter type="LINE" missed="0" covered="4"/><counter type="COMPLEXITY" missed="1" covered="1"/><counter type="METHOD" missed="0" covered="1"/></method><method name="external" desc="()Ljava/lang/String;" line="65"><counter type="INSTRUCTION" missed="0" covered="3"/><counter type="LINE" missed="0" covered="1"/><counter type="COMPLEXITY" missed="0" covered="1"/><counter type="METHOD" missed="0" covered="1"/></method><method name="visible" desc="()Ljava/lang/String;" line="74"><counter type="INSTRUCTION" missed="0" covered="7"/><counter type="LINE" missed="0" covered="1"/><counter type="COMPLEXITY" missed="0" covered="1"/><counter type="METHOD" missed="0" covered="1"/></method><method name="&lt;clinit&gt;" desc="()V" line="28"><counter type="INSTRUCTION" missed="0" covered="101"/><counter type="LINE" missed="0" covered="15"/><counter type="COMPLEXITY" missed="0" covered="1"/><counter type="METHOD" missed="0" covered="1"/></method><counter type="INSTRUCTION" missed="4" covered="122"/><counter type="BRANCH" missed="1" covered="1"/><counter type="LINE" missed="0" covered="21"/><counter type="COMPLEXITY" missed="1" covered="4"/><counter type="METHOD" missed="0" covered="4"/><counter type="CLASS" missed="0" covered="1"/></class><class name="org/jetuml/diagram/DiagramData" sourcefilename="DiagramData.java"/><class name="org/jetuml/diagram/AbstractDiagramElement" sourcefilename="AbstractDiagramElement.java"><method name="&lt;init&gt;" desc="()V" line="37"><counter type="INSTRUCTION" missed="0" covered="5"/><counter type="LINE" missed="0" covered="3"/><counter type="COMPLEXITY" missed="0" covered="1"/><counter type="METHOD" missed="0" covered="1"/></method><method name="clone" desc="()Lorg/jetuml/diagram/DiagramElement;" line="49"><counter type="INSTRUCTION" missed="3" covered="8"/><counter type="LINE" missed="2" covered="3"/><counter type="COMPLEXITY" missed="0" covered="1"/><counter type="METHOD" missed="0" covered="1"/></method><method name="properties" desc="()Lorg/jetuml/diagram/Properties;" line="62"><counter type="INSTRUCTION" missed="0" covered="3"/><counter type="LINE" missed="0" covered="1"/><counter type="COMPLEXITY" missed="0" covered="1"/><counter type="METHOD" missed="0" covered="1"/></method><method name="buildProperties" desc="()V" line="73"><counter type="INSTRUCTION" missed="0" covered="6"/><counter type="LINE" missed="0" covered="2"/><counter type="COMPLEXITY" missed="0" covered="1"/><counter type="METHOD" missed="0" covered="1"/></method><counter type="INSTRUCTION" missed="3" covered="22"/><counter type="LINE" missed="2" covered="9"/><counter type="COMPLEXITY" missed="0" covered="4"/><counter type="METHOD" missed="0" covered="4"/><counter type="CLASS" missed="0" covered="1"/></class><class name="org/jetuml/diagram/DiagramElement" sourcefilename="DiagramElement.java"/><sourcefile name="DiagramType.java"><line nr="51" mi="0" ci="3" mb="0" cb="0"/><line nr="53" mi="0" ci="61" mb="0" cb="0"/><line nr="73" mi="0" ci="33" mb="0" cb="0"/><line nr="86" mi="0" ci="37" mb="0" cb="0"/><line nr="100" mi="0" ci="37" mb="0" cb="0"/><line nr="114" mi="0" ci="45" mb="0" cb="0"/><line nr="144" mi="0" ci="4" mb="0" cb="0"/><line nr="145" mi="4" ci="3" mb="1" cb="1"/><line nr="146" mi="0" ci="3" mb="0" cb="0"/><line nr="147" mi="0" ci="3" mb="0" cb="0"/><line nr="148" mi="0" ci="3" mb="0" cb="0"/><line nr="149" mi="0" ci="3" mb="0" cb="0"/><line nr="150" mi="0" ci="3" mb="0" cb="0"/><line nr="151" mi="0" ci="3" mb="0" cb="0"/><line nr="152" mi="0" ci="1" mb="0" cb="0"/><line nr="161" mi="0" ci="16" mb="0" cb="2"/><line nr="163" mi="0" ci="5" mb="0" cb="2"/><line nr="165" mi="0" ci="2" mb="0" cb="0"/><line nr="168" mi="0" ci="8" mb="0" cb="0"/><line nr="176" mi="0" ci="3" mb="0" cb="0"/><line nr="184" mi="0" ci="7" mb="0" cb="0"/><line nr="196" mi="0" ci="4" mb="0" cb="0"/><line nr="208" mi="7" ci="0" mb="2" cb="0"/><line nr="209" mi="7" ci="0" mb="0" cb="0"/><line nr="221" mi="4" ci="3" mb="1" cb="1"/><line nr="222" mi="0" ci="7" mb="0" cb="0"/><line nr="232" mi="4" ci="3" mb="1" cb="1"/><line nr="233" mi="0" ci="7" mb="0" cb="0"/><line nr="241" mi="0" ci="3" mb="0" cb="0"/><counter type="INSTRUCTION" missed="26" covered="310"/><counter type="BRANCH" missed="5" covered="7"/><counter type="LINE" missed="2" covered="27"/><counter type="COMPLEXITY" missed="5" covered="11"/><counter type="METHOD" missed="1" covered="9"/><counter type="CLASS" missed="0" covered="1"/></sourcefile><sourcefile name="Edge.java"/><sourcefile name="DiagramData.java"/><sourcefile name="PropertyName.java"><line nr="28" mi="0" ci="3" mb="0" cb="0"/><line nr="31" mi="0" ci="7" mb="0" cb="0"/><line nr="32" mi="0" ci="7" mb="0" cb="0"/><line nr="33" mi="0" ci="7" mb="0" cb="0"/><line nr="34" mi="0" ci="7" mb="0" cb="0"/><line nr="35" mi="0" ci="7" mb="0" cb="0"/><line nr="36" mi="0" ci="7" mb="0" cb="0"/><line nr="37" mi="0" ci="7" mb="0" cb="0"/><line nr="38" mi="0" ci="7" mb="0" cb="0"/><line nr="39" mi="0" ci="7" mb="0" cb="0"/><line nr="40" mi="0" ci="7" mb="0" cb="0"/><line nr="41" mi="0" ci="7" mb="0" cb="0"/><line nr="42" mi="0" ci="7" mb="0" cb="0"/><line nr="43" mi="0" ci="7" mb="0" cb="0"/><line nr="44" mi="0" ci="7" mb="0" cb="0"/><line nr="55" mi="0" ci="4" mb="0" cb="0"/><line nr="56" mi="4" ci="3" mb="1" cb="1"/><line nr="57" mi="0" ci="3" mb="0" cb="0"/><line nr="58" mi="0" ci="1" mb="0" cb="0"/><line nr="65" mi="0" ci="3" mb="0" cb="0"/><line nr="74" mi="0" ci="7" mb="0" cb="0"/><counter type="INSTRUCTION" missed="4" covered="122"/><counter type="BRANCH" missed="1" covered="1"/><counter type="LINE" missed="0" covered="21"/><counter type="COMPLEXITY" missed="1" covered="4"/><counter type="METHOD" missed="0" covered="4"/><counter type="CLASS" missed="0" covered="1"/></sourcefile><sourcefile name="DiagramElement.java"/><sourcefile name="Prototypes.java"><line nr="62" mi="0" ci="4" mb="0" cb="0"/><line nr="63" mi="0" ci="5" mb="0" cb="0"/><line nr="65" mi="0" ci="6" mb="0" cb="0"/><line nr="66" mi="0" ci="6" mb="0" cb="0"/><line nr="68" mi="0" ci="6" mb="0" cb="0"/><line nr="69" mi="0" ci="6" mb="0" cb="0"/><line nr="70" mi="0" ci="6" mb="0" cb="0"/><line nr="71" mi="0" ci="4" mb="0" cb="0"/><line nr="72" mi="0" ci="2" mb="0" cb="0"/><line nr="73" mi="0" ci="6" mb="0" cb="0"/><line nr="74" mi="0" ci="6" mb="0" cb="0"/><line nr="75" mi="0" ci="5" mb="0" cb="0"/><line nr="76" mi="0" ci="2" mb="0" cb="0"/><line nr="77" mi="0" ci="6" mb="0" cb="0"/><line nr="78" mi="0" ci="6" mb="0" cb="0"/><line nr="79" mi="0" ci="5" mb="0" cb="0"/><line nr="80" mi="0" ci="2" mb="0" cb="0"/><line nr="82" mi="0" ci="4" mb="0" cb="0"/><line nr="83" mi="0" ci="2" mb="0" cb="0"/><line nr="84" mi="0" ci="6" mb="0" cb="0"/><line nr="85" mi="0" ci="6" mb="0" cb="0"/><line nr="87" mi="0" ci="6" mb="0" cb="0"/><line nr="88" mi="0" ci="6" mb="0" cb="0"/><line nr="89" mi="0" ci="6" mb="0" cb="0"/><line nr="90" mi="0" ci="6" mb="0" cb="0"/><line nr="92" mi="0" ci="6" mb="0" cb="0"/><line nr="93" mi="0" ci="6" mb="0" cb="0"/><line nr="94" mi="0" ci="6" mb="0" cb="0"/><line nr="95" mi="0" ci="6" mb="0" cb="0"/><line nr="97" mi="0" ci="6" mb="0" cb="0"/><line nr="98" mi="0" ci="6" mb="0" cb="0"/><line nr="99" mi="0" ci="4" mb="0" cb="0"/><line nr="100" mi="0" ci="2" mb="0" cb="0"/><line nr="101" mi="0" ci="5" mb="0" cb="0"/><line nr="102" mi="0" ci="2" mb="0" cb="0"/><line nr="103" mi="0" ci="5" mb="0" cb="0"/><line nr="104" mi="0" ci="2" mb="0" cb="0"/><line nr="105" mi="0" ci="5" mb="0" cb="0"/><line nr="106" mi="0" ci="2" mb="0" cb="0"/><line nr="108" mi="0" ci="3" mb="0" cb="0"/><line nr="115" mi="0" ci="2" mb="0" cb="0"/><line nr="120" mi="0" ci="6" mb="0" cb="0"/><line nr="121" mi="0" ci="2" mb="0" cb="0"/><line nr="132" mi="0" ci="5" mb="1" cb="1"/><line nr="134" mi="2" ci="0" mb="0" cb="0"/><line nr="136" mi="0" ci="7" mb="0" cb="0"/><line nr="137" mi="0" ci="3" mb="0" cb="0"/><line nr="138" mi="4" ci="2" mb="3" cb="1"/><line nr="140" mi="8" ci="0" mb="0" cb="0"/><line nr="144" mi="0" ci="4" mb="0" cb="0"/><counter type="INSTRUCTION" missed="14" covered="222"/><counter type="BRANCH" missed="4" covered="2"/><counter type="LINE" missed="2" covered="48"/><counter type="COMPLEXITY" missed="3" covered="5"/><counter type="METHOD" missed="0" covered="5"/><counter type="CLASS" missed="0" covered="1"/></sourcefile><sourcefile name="AbstractDiagramElement.java"><line nr="37" mi="0" ci="2" mb="0" cb="0"/><line nr="38" mi="0" ci="2" mb="0" cb="0"/><line nr="39" mi="0" ci="1" mb="0" cb="0"/><line nr="49" mi="0" ci="4" mb="0" cb="0"/><line nr="50" mi="0" ci="2" mb="0" cb="0"/><line nr="51" mi="0" ci="2" mb="0" cb="0"/><line nr="53" mi="1" ci="0" mb="0" cb="0"/><line nr="55" mi="2" ci="0" mb="0" cb="0"/><line nr="62" mi="0" ci="3" mb="0" cb="0"/><line nr="73" mi="0" ci="5" mb="0" cb="0"/><line nr="74" mi="0" ci="1" mb="0" cb="0"/><counter type="INSTRUCTION" missed="3" covered="22"/><counter type="LINE" missed="2" covered="9"/><counter type="COMPLEXITY" missed="0" covered="4"/><counter type="METHOD" missed="0" covered="4"/><counter type="CLASS" missed="0" covered="1"/></sourcefile><sourcefile name="Properties.java"><line nr="45" mi="0" ci="3" mb="0" cb="0"/><line nr="47" mi="0" ci="6" mb="0" cb="0"/><line nr="59" mi="4" ci="12" mb="4" cb="4"/><line nr="60" mi="0" ci="11" mb="0" cb="0"/><line nr="61" mi="0" ci="1" mb="0" cb="0"/><line nr="70" mi="4" ci="8" mb="2" cb="2"/><line nr="71" mi="0" ci="6" mb="0" cb="0"/><line nr="88" mi="4" ci="12" mb="4" cb="4"/><line nr="89" mi="4" ci="8" mb="2" cb="2"/><line nr="90" mi="0" ci="8" mb="0" cb="0"/><line nr="91" mi="0" ci="9" mb="0" cb="0"/><line nr="92" mi="0" ci="3" mb="0" cb="0"/><line nr="93" mi="0" ci="13" mb="0" cb="0"/><line nr="94" mi="0" ci="1" mb="0" cb="0"/><line nr="99" mi="0" ci="6" mb="0" cb="0"/><counter type="INSTRUCTION" missed="16" covered="107"/><counter type="BRANCH" missed="12" covered="12"/><counter type="LINE" missed="0" covered="15"/><counter type="COMPLEXITY" missed="12" covered="7"/><counter type="METHOD" missed="0" covered="7"/><counter type="CLASS" missed="0" covered="1"/></sourcefile><sourcefile name="Diagram.java"><line nr="39" mi="0" ci="1" mb="0" cb="0"/><line nr="55" mi="0" ci="2" mb="0" cb="0"/><line nr="56" mi="0" ci="3" mb="0" cb="0"/><line nr="57" mi="0" ci="5" mb="0" cb="0"/><line nr="58" mi="0" ci="5" mb="0" cb="0"/><line nr="59" mi="0" ci="1" mb="0" cb="0"/><line nr="69" mi="0" ci="6" mb="0" cb="0"/><line nr="70" mi="0" ci="12" mb="0" cb="0"/><line nr="72" mi="0" ci="11" mb="0" cb="2"/><line nr="74" mi="0" ci="3" mb="0" cb="0"/><line nr="75" mi="0" ci="5" mb="0" cb="0"/><line nr="76" mi="0" ci="5" mb="0" cb="0"/><line nr="77" mi="0" ci="1" mb="0" cb="0"/><line nr="80" mi="0" ci="11" mb="0" cb="0"/><line nr="81" mi="0" ci="2" mb="0" cb="0"/><line nr="90" mi="0" ci="10" mb="0" cb="2"/><line nr="92" mi="0" ci="4" mb="0" cb="2"/><line nr="94" mi="0" ci="5" mb="0" cb="0"/><line nr="96" mi="0" ci="4" mb="0" cb="2"/><line nr="98" mi="0" ci="5" mb="0" cb="0"/><line nr="100" mi="0" ci="1" mb="0" cb="0"/><line nr="101" mi="0" ci="3" mb="0" cb="0"/><line nr="102" mi="0" ci="3" mb="0" cb="0"/><line nr="103" mi="0" ci="8" mb="0" cb="2"/><line nr="105" mi="0" ci="10" mb="0" cb="0"/><line nr="107" mi="0" ci="1" mb="0" cb="0"/><line nr="112" mi="0" ci="4" mb="0" cb="0"/><line nr="121" mi="0" ci="4" mb="0" cb="0"/><line nr="122" mi="0" ci="9" mb="0" cb="0"/><line nr="123" mi="0" ci="2" mb="0" cb="0"/><line nr="131" mi="0" ci="4" mb="0" cb="0"/><line nr="132" mi="0" ci="9" mb="0" cb="0"/><line nr="133" mi="0" ci="1" mb="0" cb="0"/><line nr="138" mi="0" ci="4" mb="0" cb="0"/><line nr="146" mi="0" ci="3" mb="0" cb="0"/><line nr="154" mi="0" ci="4" mb="0" cb="0"/><line nr="162" mi="0" ci="4" mb="0" cb="0"/><line nr="175" mi="4" ci="3" mb="1" cb="1"/><line nr="176" mi="0" ci="5" mb="0" cb="2"/><line nr="178" mi="0" ci="2" mb="0" cb="0"/><line nr="180" mi="0" ci="11" mb="0" cb="2"/><line nr="182" mi="0" ci="5" mb="0" cb="2"/><line nr="184" mi="0" ci="2" mb="0" cb="0"/><line nr="186" mi="0" ci="1" mb="0" cb="0"/><line nr="187" mi="0" ci="2" mb="0" cb="0"/><line nr="192" mi="0" ci="3" mb="0" cb="2"/><line nr="194" mi="0" ci="2" mb="0" cb="0"/><line nr="196" mi="0" ci="11" mb="0" cb="2"/><line nr="198" mi="0" ci="5" mb="0" cb="2"/><line nr="200" mi="0" ci="2" mb="0" cb="0"/><line nr="202" mi="0" ci="1" mb="0" cb="0"/><line nr="203" mi="0" ci="2" mb="0" cb="0"/><line nr="213" mi="4" ci="3" mb="1" cb="1"/><line nr="214" mi="0" ci="5" mb="0" cb="0"/><line nr="225" mi="0" ci="4" mb="0" cb="0"/><line nr="236" mi="4" ci="7" mb="2" cb="2"/><line nr="237" mi="0" ci="4" mb="0" cb="0"/><line nr="238" mi="0" ci="11" mb="0" cb="2"/><line nr="240" mi="0" ci="8" mb="0" cb="4"/><line nr="242" mi="0" ci="4" mb="0" cb="0"/><line nr="244" mi="0" ci="1" mb="0" cb="0"/><line nr="245" mi="0" ci="2" mb="0" cb="0"/><line nr="259" mi="4" ci="5" mb="2" cb="2"/><line nr="260" mi="0" ci="6" mb="0" cb="0"/><line nr="261" mi="0" ci="6" mb="0" cb="0"/><line nr="262" mi="0" ci="9" mb="0" cb="2"/><line nr="263" mi="0" ci="1" mb="0" cb="0"/><line nr="275" mi="4" ci="3" mb="1" cb="1"/><line nr="276" mi="0" ci="5" mb="0" cb="0"/><line nr="277" mi="0" ci="1" mb="0" cb="0"/><line nr="288" mi="4" ci="8" mb="2" cb="2"/><line nr="289" mi="0" ci="5" mb="0" cb="0"/><line nr="290" mi="0" ci="1" mb="0" cb="0"/><line nr="301" mi="4" ci="9" mb="3" cb="3"/><line nr="302" mi="0" ci="5" mb="0" cb="0"/><line nr="303" mi="0" ci="1" mb="0" cb="0"/><line nr="314" mi="4" ci="10" mb="3" cb="3"/><line nr="315" mi="0" ci="5" mb="0" cb="0"/><line nr="316" mi="0" ci="1" mb="0" cb="0"/><line nr="327" mi="4" ci="5" mb="1" cb="1"/><line nr="328" mi="0" ci="5" mb="0" cb="0"/><line nr="339" mi="4" ci="8" mb="2" cb="2"/><line nr="340" mi="0" ci="5" mb="0" cb="0"/><line nr="341" mi="0" ci="1" mb="0" cb="0"/><line nr="352" mi="4" ci="3" mb="1" cb="1"/><line nr="354" mi="0" ci="8" mb="1" cb="3"/><line nr="356" mi="0" ci="1" mb="0" cb="0"/><line nr="358" mi="0" ci="3" mb="0" cb="2"/><line nr="360" mi="0" ci="3" mb="0" cb="0"/><line nr="362" mi="0" ci="3" mb="0" cb="0"/><line nr="364" mi="0" ci="3" mb="0" cb="0"/><line nr="365" mi="0" ci="1" mb="0" cb="0"/><line nr="366" mi="0" ci="4" mb="0" cb="2"/><line nr="368" mi="0" ci="3" mb="0" cb="0"/><line nr="369" mi="0" ci="3" mb="0" cb="0"/><line nr="371" mi="0" ci="1" mb="0" cb="0"/><counter type="INSTRUCTION" missed="44" covered="422"/><counter type="BRANCH" missed="20" covered="56"/><counter type="LINE" missed="0" covered="96"/><counter type="COMPLEXITY" missed="20" covered="47"/><counter type="METHOD" missed="0" covered="29"/><counter type="CLASS" missed="0" covered="1"/></sourcefile><sourcefile name="Node.java"/><sourcefile name="Property.java"><line nr="31" mi="0" ci="1" mb="0" cb="0"/><line nr="46" mi="0" ci="2" mb="0" cb="0"/><line nr="47" mi="4" ci="7" mb="3" cb="3"/><line nr="48" mi="0" ci="3" mb="0" cb="0"/><line nr="49" mi="0" ci="3" mb="0" cb="0"/><line nr="50" mi="0" ci="3" mb="0" cb="0"/><line nr="51" mi="0" ci="1" mb="0" cb="0"/><line nr="58" mi="0" ci="3" mb="0" cb="0"/><line nr="66" mi="0" ci="4" mb="0" cb="0"/><line nr="77" mi="4" ci="3" mb="1" cb="1"/><line nr="78" mi="0" ci="4" mb="0" cb="0"/><line nr="79" mi="0" ci="1" mb="0" cb="0"/><counter type="INSTRUCTION" missed="8" covered="35"/><counter type="BRANCH" missed="4" covered="4"/><counter type="LINE" missed="0" covered="12"/><counter type="COMPLEXITY" missed="4" covered="5"/><counter type="METHOD" missed="0" covered="5"/><counter type="CLASS" missed="0" covered="1"/></sourcefile><counter type="INSTRUCTION" missed="115" covered="1240"/><counter type="BRANCH" missed="46" covered="82"/><counter type="LINE" missed="6" covered="228"/><counter type="COMPLEXITY" missed="45" covered="83"/><counter type="METHOD" missed="1" covered="63"/><counter type="CLASS" missed="0" covered="7"/></package><package name="org/jetuml/rendering"><class name="org/jetuml/rendering/DiagramRenderer" sourcefilename="DiagramRenderer.java"/><class name="org/jetuml/rendering/ObjectDiagramRenderer" sourcefilename="ObjectDiagramRenderer.java"><method name="&lt;init&gt;" desc="(Lorg/jetuml/diagram/Diagram;)V" line="43"><counter type="INSTRUCTION" missed="0" covered="32"/><counter type="LINE" missed="0" covered="6"/><counter type="COMPLEXITY" missed="0" covered="1"/><counter type="METHOD" missed="0" covered="1"/></method><counter type="INSTRUCTION" missed="0" covered="32"/><counter type="LINE" missed="0" covered="6"/><counter type="COMPLEXITY" missed="0" covered="1"/><counter type="METHOD" missed="0" covered="1"/><counter type="CLASS" missed="0" covered="1"/></class><class name="org/jetuml/rendering/FontDimension" sourcefilename="FontDimension.java"><method name="&lt;init&gt;" desc="(II)V" line="31"><counter type="INSTRUCTION" missed="0" covered="9"/><counter type="LINE" missed="0" covered="1"/><counter type="COMPLEXITY" missed="0" covered="1"/><counter type="METHOD" missed="0" covered="1"/></method><counter type="INSTRUCTION" missed="0" covered="9"/><counter type="LINE" missed="0" covered="1"/><counter type="COMPLEXITY" missed="0" covered="1"/><counter type="METHOD" missed="0" covered="1"/><counter type="CLASS" missed="0" covered="1"/></class><class name="org/jetuml/rendering/EdgePriority" sourcefilename="EdgePriority.java"><method name="priorityOf" desc="(Lorg/jetuml/diagram/Edge;)Lorg/jetuml/rendering/EdgePriority;" line="47"><counter type="INSTRUCTION" missed="4" covered="57"/><counter type="BRANCH" missed="2" covered="18"/><counter type="LINE" missed="0" covered="16"/><counter type="COMPLEXITY" missed="2" covered="9"/><counter type="METHOD" missed="0" covered="1"/></method><method name="isSegmented" desc="(Lorg/jetuml/rendering/EdgePriority;)Z" line="97"><counter type="INSTRUCTION" missed="4" covered="24"/><counter type="BRANCH" missed="1" covered="11"/><counter type="LINE" missed="0" covered="4"/><counter type="COMPLEXITY" missed="1" covered="6"/><counter type="METHOD" missed="0" covered="1"/></method><method name="isSegmented" desc="(Lorg/jetuml/diagram/Edge;)Z" line="116"><counter type="INSTRUCTION" missed="0" covered="4"/><counter type="LINE" missed="0" covered="1"/><counter type="COMPLEXITY" missed="0" covered="1"/><counter type="METHOD" missed="0" covered="1"/></method><method name="isStoredEdge" desc="(Lorg/jetuml/diagram/Edge;)Z" line="126"><counter type="INSTRUCTION" missed="0" covered="8"/><counter type="BRANCH" missed="0" covered="2"/><counter type="LINE" missed="0" covered="1"/><counter type="COMPLEXITY" missed="0" covered="2"/><counter type="METHOD" missed="0" covered="1"/></method><method name="&lt;clinit&gt;" desc="()V" line="33"><counter type="INSTRUCTION" missed="0" covered="51"/><counter type="LINE" missed="0" covered="3"/><counter type="COMPLEXITY" missed="0" covered="1"/><counter type="METHOD" missed="0" covered="1"/></method><counter type="INSTRUCTION" missed="8" covered="144"/><counter type="BRANCH" missed="3" covered="31"/><counter type="LINE" missed="0" covered="25"/><counter type="COMPLEXITY" missed="3" covered="19"/><counter type="METHOD" missed="0" covered="5"/><counter type="CLASS" missed="0" covered="1"/></class><class name="org/jetuml/rendering/AbstractDiagramRenderer" sourcefilename="AbstractDiagramRenderer.java"><method name="&lt;init&gt;" desc="(Lorg/jetuml/diagram/Diagram;)V" line="50"><counter type="INSTRUCTION" missed="0" covered="32"/><counter type="LINE" missed="0" covered="7"/><counter type="COMPLEXITY" missed="0" covered="1"/><counter type="METHOD" missed="0" covered="1"/></method><method name="addBounds" desc="(Lorg/jetuml/geom/Rectangle;Lorg/jetuml/diagram/DiagramElement;)Lorg/jetuml/geom/Rectangle;" line="67"><counter type="INSTRUCTION" missed="21" covered="0"/><counter type="BRANCH" missed="4" covered="0"/><counter type="LINE" missed="3" covered="0"/><counter type="COMPLEXITY" missed="3" covered="0"/><counter type="METHOD" missed="1" covered="0"/></method><method name="addElementRenderer" desc="(Ljava/lang/Class;Lorg/jetuml/rendering/DiagramElementRenderer;)V" line="80"><counter type="INSTRUCTION" missed="0" covered="7"/><counter type="LINE" missed="0" covered="2"/><counter type="COMPLEXITY" missed="0" covered="1"/><counter type="METHOD" missed="0" covered="1"/></method><method name="activateNodeStorages" desc="()V" line="88"><counter type="INSTRUCTION" missed="15" covered="0"/><counter type="LINE" missed="3" covered="0"/><counter type="COMPLEXITY" missed="1" covered="0"/><counter type="METHOD" missed="1" covered="0"/></method><method name="deactivateAndClearNodeStorages" desc="()V" line="97"><counter type="INSTRUCTION" missed="15" covered="0"/><counter type="LINE" missed="3" covered="0"/><counter type="COMPLEXITY" missed="1" covered="0"/><counter type="METHOD" missed="1" covered="0"/></method><method name="drawNode" desc="(Lorg/jetuml/diagram/Node;Lorg/jetuml/rendering/RenderingContext;)V" line="103"><counter type="INSTRUCTION" missed="11" covered="0"/><counter type="LINE" missed="3" covered="0"/><counter type="COMPLEXITY" missed="1" covered="0"/><counter type="METHOD" missed="1" covered="0"/></method><method name="deepFindNode" desc="(Lorg/jetuml/diagram/Node;Lorg/jetuml/geom/Point;)Ljava/util/Optional;" line="109"><counter type="INSTRUCTION" missed="4" covered="23"/><counter type="BRANCH" missed="2" covered="2"/><counter type="LINE" missed="0" covered="7"/><counter type="COMPLEXITY" missed="2" covered="1"/><counter type="METHOD" missed="0" covered="1"/></method><method name="getBounds" desc="()Lorg/jetuml/geom/Rectangle;" line="122"><counter type="INSTRUCTION" missed="8" covered="61"/><counter type="BRANCH" missed="1" covered="7"/><counter type="LINE" missed="1" covered="11"/><counter type="COMPLEXITY" missed="1" covered="4"/><counter type="METHOD" missed="0" covered="1"/></method><method name="rendererFor" desc="(Ljava/lang/Class;)Lorg/jetuml/rendering/DiagramElementRenderer;" line="151"><counter type="INSTRUCTION" missed="4" covered="12"/><counter type="BRANCH" missed="1" covered="1"/><counter type="LINE" missed="0" covered="2"/><counter type="COMPLEXITY" missed="1" covered="1"/><counter type="METHOD" missed="0" covered="1"/></method><method name="draw" desc="(Lorg/jetuml/rendering/RenderingContext;)V" line="158"><counter type="INSTRUCTION" missed="26" covered="0"/><counter type="BRANCH" missed="2" covered="0"/><counter type="LINE" missed="6" covered="0"/><counter type="COMPLEXITY" missed="2" covered="0"/><counter type="METHOD" missed="1" covered="0"/></method><method name="draw" desc="(Lorg/jetuml/diagram/DiagramElement;Lorg/jetuml/rendering/RenderingContext;)V" line="168"><counter type="INSTRUCTION" missed="10" covered="0"/><counter type="LINE" missed="2" covered="0"/><counter type="COMPLEXITY" missed="1" covered="0"/><counter type="METHOD" missed="1" covered="0"/></method><method name="edgeAt" desc="(Lorg/jetuml/geom/Point;)Ljava/util/Optional;" line="174"><counter type="INSTRUCTION" missed="4" covered="13"/><counter type="BRANCH" missed="1" covered="1"/><counter type="LINE" missed="0" covered="4"/><counter type="COMPLEXITY" missed="1" covered="1"/><counter type="METHOD" missed="0" covered="1"/></method><method name="nodeAt" desc="(Lorg/jetuml/geom/Point;)Ljava/util/Optional;" line="183"><counter type="INSTRUCTION" missed="4" covered="18"/><counter type="BRANCH" missed="1" covered="1"/><counter type="LINE" missed="0" covered="6"/><counter type="COMPLEXITY" missed="1" covered="1"/><counter type="METHOD" missed="0" covered="1"/></method><method name="contains" desc="(Lorg/jetuml/diagram/DiagramElement;Lorg/jetuml/geom/Point;)Z" line="194"><counter type="INSTRUCTION" missed="0" covered="10"/><counter type="LINE" missed="0" covered="1"/><counter type="COMPLEXITY" missed="0" covered="1"/><counter type="METHOD" missed="0" covered="1"/></method><method name="createIcon" desc="(Lorg/jetuml/diagram/DiagramElement;)Ljavafx/scene/canvas/Canvas;" line="200"><counter type="INSTRUCTION" missed="4" covered="13"/><counter type="BRANCH" missed="1" covered="1"/><counter type="LINE" missed="0" covered="2"/><counter type="COMPLEXITY" missed="1" covered="1"/><counter type="METHOD" missed="0" covered="1"/></method><method name="getConnectionPoints" desc="(Lorg/jetuml/diagram/Edge;)Lorg/jetuml/geom/Line;" line="207"><counter type="INSTRUCTION" missed="4" covered="12"/><counter type="BRANCH" missed="1" covered="1"/><counter type="LINE" missed="0" covered="2"/><counter type="COMPLEXITY" missed="1" covered="1"/><counter type="METHOD" missed="0" covered="1"/></method><method name="getConnectionPoints" desc="(Lorg/jetuml/diagram/Node;Lorg/jetuml/geom/Direction;)Lorg/jetuml/geom/Point;" line="214"><counter type="INSTRUCTION" missed="4" covered="15"/><counter type="BRANCH" missed="2" covered="2"/><counter type="LINE" missed="0" covered="2"/><counter type="COMPLEXITY" missed="2" covered="1"/><counter type="METHOD" missed="0" covered="1"/></method><method name="selectableNodeAt" desc="(Lorg/jetuml/geom/Point;)Ljava/util/Optional;" line="221"><counter type="INSTRUCTION" missed="4" covered="0"/><counter type="LINE" missed="1" covered="0"/><counter type="COMPLEXITY" missed="1" covered="0"/><counter type="METHOD" missed="1" covered="0"/></method><method name="diagram" desc="()Lorg/jetuml/diagram/Diagram;" line="227"><counter type="INSTRUCTION" missed="0" covered="3"/><counter type="LINE" missed="0" covered="1"/><counter type="COMPLEXITY" missed="0" covered="1"/><counter type="METHOD" missed="0" covered="1"/></method><method name="getBoundsIncludingParents" desc="(Ljava/lang/Iterable;)Lorg/jetuml/geom/Rectangle;" line="233"><counter type="INSTRUCTION" missed="45" covered="0"/><counter type="BRANCH" missed="6" covered="0"/><counter type="LINE" missed="9" covered="0"/><counter type="COMPLEXITY" missed="4" covered="0"/><counter type="METHOD" missed="1" covered="0"/></method><method name="getBoundsNotIncludingParents" desc="(Ljava/lang/Iterable;)Lorg/jetuml/geom/Rectangle;" line="249"><counter type="INSTRUCTION" missed="41" covered="0"/><counter type="BRANCH" missed="6" covered="0"/><counter type="LINE" missed="8" covered="0"/><counter type="COMPLEXITY" missed="4" covered="0"/><counter type="METHOD" missed="1" covered="0"/></method><method name="getDefaultDimension" desc="(Lorg/jetuml/diagram/Node;)Lorg/jetuml/geom/Dimension;" line="264"><counter type="INSTRUCTION" missed="0" covered="8"/><counter type="LINE" missed="0" covered="1"/><counter type="COMPLEXITY" missed="0" covered="1"/><counter type="METHOD" missed="0" covered="1"/></method><method name="getBounds" desc="(Lorg/jetuml/diagram/DiagramElement;)Lorg/jetuml/geom/Rectangle;" line="271"><counter type="INSTRUCTION" missed="4" covered="12"/><counter type="BRANCH" missed="1" covered="1"/><counter type="LINE" missed="0" covered="2"/><counter type="COMPLEXITY" missed="1" covered="1"/><counter type="METHOD" missed="0" covered="1"/></method><method name="lambda$nodeAt$10" desc="(Lorg/jetuml/diagram/Node;Lorg/jetuml/diagram/Node;)Lorg/jetuml/diagram/Node;" line="188"><counter type="INSTRUCTION" missed="0" covered="2"/><counter type="LINE" missed="0" covered="1"/><counter type="COMPLEXITY" missed="0" covered="1"/><counter type="METHOD" missed="0" covered="1"/></method><method name="lambda$nodeAt$9" desc="(Lorg/jetuml/geom/Point;Lorg/jetuml/diagram/Node;)Ljava/util/Optional;" line="185"><counter type="INSTRUCTION" missed="0" covered="5"/><counter type="LINE" missed="0" covered="1"/><counter type="COMPLEXITY" missed="0" covered="1"/><counter type="METHOD" missed="0" covered="1"/></method><method name="lambda$edgeAt$8" desc="(Lorg/jetuml/geom/Point;Lorg/jetuml/diagram/Edge;)Z" line="176"><counter type="INSTRUCTION" missed="0" covered="5"/><counter type="LINE" missed="0" covered="1"/><counter type="COMPLEXITY" missed="0" covered="1"/><counter type="METHOD" missed="0" covered="1"/></method><method name="lambda$draw$7" desc="(Lorg/jetuml/rendering/RenderingContext;Lorg/jetuml/diagram/Edge;)V" line="161"><counter type="INSTRUCTION" missed="5" covered="0"/><counter type="LINE" missed="1" covered="0"/><counter type="COMPLEXITY" missed="1" covered="0"/><counter type="METHOD" missed="1" covered="0"/></method><method name="lambda$draw$6" desc="(Lorg/jetuml/rendering/RenderingContext;Lorg/jetuml/diagram/Node;)V" line="160"><counter type="INSTRUCTION" missed="5" covered="0"/><counter type="LINE" missed="1" covered="0"/><counter type="COMPLEXITY" missed="1" covered="0"/><counter type="METHOD" missed="1" covered="0"/></method><method name="lambda$deepFindNode$5" desc="(Lorg/jetuml/diagram/Node;Lorg/jetuml/geom/Point;)Ljava/util/Optional;" line="116"><counter type="INSTRUCTION" missed="0" covered="7"/><counter type="LINE" missed="0" covered="1"/><counter type="COMPLEXITY" missed="0" covered="1"/><counter type="METHOD" missed="0" covered="1"/></method><method name="lambda$deepFindNode$4" desc="(Lorg/jetuml/geom/Point;Lorg/jetuml/diagram/Node;)Z" line="116"><counter type="INSTRUCTION" missed="0" covered="5"/><counter type="LINE" missed="0" covered="1"/><counter type="COMPLEXITY" missed="0" covered="1"/><counter type="METHOD" missed="0" covered="1"/></method><method name="lambda$deepFindNode$3" desc="(Lorg/jetuml/geom/Point;Lorg/jetuml/diagram/Node;)Ljava/util/Optional;" line="112"><counter type="INSTRUCTION" missed="0" covered="5"/><counter type="LINE" missed="0" covered="1"/><counter type="COMPLEXITY" missed="0" covered="1"/><counter type="METHOD" missed="0" covered="1"/></method><method name="lambda$drawNode$2" desc="(Lorg/jetuml/rendering/RenderingContext;Lorg/jetuml/diagram/Node;)V" line="104"><counter type="INSTRUCTION" missed="5" covered="0"/><counter type="LINE" missed="1" covered="0"/><counter type="COMPLEXITY" missed="1" covered="0"/><counter type="METHOD" missed="1" covered="0"/></method><method name="lambda$deactivateAndClearNodeStorages$1" desc="(Lorg/jetuml/rendering/DiagramElementRenderer;)Z" line="97"><counter type="INSTRUCTION" missed="5" covered="0"/><counter type="LINE" missed="1" covered="0"/><counter type="COMPLEXITY" missed="1" covered="0"/><counter type="METHOD" missed="1" covered="0"/></method><method name="lambda$activateNodeStorages$0" desc="(Lorg/jetuml/rendering/DiagramElementRenderer;)Z" line="88"><counter type="INSTRUCTION" missed="5" covered="0"/><counter type="LINE" missed="1" covered="0"/><counter type="COMPLEXITY" missed="1" covered="0"/><counter type="METHOD" missed="1" covered="0"/></method><method name="&lt;clinit&gt;" desc="()V" line="48"><counter type="INSTRUCTION" missed="0" covered="1"/><counter type="LINE" missed="0" covered="1"/><counter type="COMPLEXITY" missed="0" covered="1"/><counter type="METHOD" missed="0" covered="1"/></method><counter type="INSTRUCTION" missed="253" covered="269"/><counter type="BRANCH" missed="29" covered="17"/><counter type="LINE" missed="39" covered="51"/><counter type="COMPLEXITY" missed="34" covered="24"/><counter type="METHOD" missed="14" covered="21"/><counter type="CLASS" missed="0" covered="1"/></class><class name="org/jetuml/rendering/NodeCorner" sourcefilename="NodeCorner.java"><method name="getHorizontalIndex" desc="(Lorg/jetuml/rendering/NodeCorner;)Lorg/jetuml/rendering/edges/NodeIndex;" line="42"><counter type="INSTRUCTION" missed="0" covered="10"/><counter type="BRANCH" missed="0" covered="4"/><counter type="LINE" missed="0" covered="3"/><counter type="COMPLEXITY" missed="0" covered="3"/><counter type="METHOD" missed="0" covered="1"/></method><method name="getVerticalIndex" desc="(Lorg/jetuml/rendering/NodeCorner;)Lorg/jetuml/rendering/edges/NodeIndex;" line="59"><counter type="INSTRUCTION" missed="0" covered="10"/><counter type="BRANCH" missed="0" covered="4"/><counter type="LINE" missed="0" covered="3"/><counter type="COMPLEXITY" missed="0" covered="3"/><counter type="METHOD" missed="0" covered="1"/></method><method name="horizontalSide" desc="(Lorg/jetuml/rendering/NodeCorner;)Lorg/jetuml/geom/Direction;" line="77"><counter type="INSTRUCTION" missed="4" covered="13"/><counter type="BRANCH" missed="1" covered="5"/><counter type="LINE" missed="0" covered="4"/><counter type="COMPLEXITY" missed="1" covered="3"/><counter type="METHOD" missed="0" covered="1"/></method><method name="verticalSide" desc="(Lorg/jetuml/rendering/NodeCorner;)Lorg/jetuml/geom/Direction;" line="96"><counter type="INSTRUCTION" missed="4" covered="13"/><counter type="BRANCH" missed="1" covered="5"/><counter type="LINE" missed="0" covered="4"/><counter type="COMPLEXITY" missed="1" covered="3"/><counter type="METHOD" missed="0" covered="1"/></method><method name="&lt;clinit&gt;" desc="()V" line="30"><counter type="INSTRUCTION" missed="0" covered="27"/><counter type="LINE" missed="0" covered="2"/><counter type="COMPLEXITY" missed="0" covered="1"/><counter type="METHOD" missed="0" covered="1"/></method><counter type="INSTRUCTION" missed="8" covered="73"/><counter type="BRANCH" missed="2" covered="18"/><counter type="LINE" missed="0" covered="16"/><counter type="COMPLEXITY" missed="2" covered="13"/><counter type="METHOD" missed="0" covered="5"/><counter type="CLASS" missed="0" covered="1"/></class><class name="org/jetuml/rendering/SvgRenderingContext" sourcefilename="SvgRenderingContext.java"><method name="&lt;init&gt;" desc="(Lorg/jetuml/geom/Rectangle;)V" line="57"><counter type="INSTRUCTION" missed="71" covered="0"/><counter type="LINE" missed="11" covered="0"/><counter type="COMPLEXITY" missed="1" covered="0"/><counter type="METHOD" missed="1" covered="0"/></method><method name="strokeLine" desc="(IIIILjavafx/scene/paint/Color;Lorg/jetuml/rendering/LineStyle;)V" line="87"><counter type="INSTRUCTION" missed="36" covered="0"/><counter type="LINE" missed="3" covered="0"/><counter type="COMPLEXITY" missed="1" covered="0"/><counter type="METHOD" missed="1" covered="0"/></method><method name="lineStyle" desc="(Lorg/jetuml/rendering/LineStyle;)Ljava/lang/String;" line="93"><counter type="INSTRUCTION" missed="24" covered="0"/><counter type="BRANCH" missed="2" covered="0"/><counter type="LINE" missed="6" covered="0"/><counter type="COMPLEXITY" missed="2" covered="0"/><counter type="METHOD" missed="1" covered="0"/></method><method name="drawRectangle" desc="(Lorg/jetuml/geom/Rectangle;Ljavafx/scene/paint/Color;Ljavafx/scene/paint/Color;Ljava/util/Optional;)V" line="107"><counter type="INSTRUCTION" missed="42" covered="0"/><counter type="LINE" missed="5" covered="0"/><counter type="COMPLEXITY" missed="1" covered="0"/><counter type="METHOD" missed="1" covered="0"/></method><method name="drawOval" desc="(IIIILjavafx/scene/paint/Color;Ljavafx/scene/paint/Color;Ljava/util/Optional;)V" line="121"><counter type="INSTRUCTION" missed="107" covered="0"/><counter type="BRANCH" missed="4" covered="0"/><counter type="LINE" missed="9" covered="0"/><counter type="COMPLEXITY" missed="3" covered="0"/><counter type="METHOD" missed="1" covered="0"/></method><method name="strokeArc" desc="(IIIIILjavafx/scene/paint/Color;)V" line="141"><counter type="INSTRUCTION" missed="99" covered="0"/><counter type="LINE" missed="10" covered="0"/><counter type="COMPLEXITY" missed="1" covered="0"/><counter type="METHOD" missed="1" covered="0"/></method><method name="strokePath" desc="(Ljavafx/scene/shape/Path;Ljavafx/scene/paint/Color;Lorg/jetuml/rendering/LineStyle;)V" line="155"><counter type="INSTRUCTION" missed="7" covered="0"/><counter type="LINE" missed="2" covered="0"/><counter type="COMPLEXITY" missed="1" covered="0"/><counter type="METHOD" missed="1" covered="0"/></method><method name="strokePath" desc="(Ljavafx/scene/shape/Path;Lorg/jetuml/rendering/LineStyle;Ljava/lang/String;Z)V" line="160"><counter type="INSTRUCTION" missed="106" covered="0"/><counter type="BRANCH" missed="10" covered="0"/><counter type="LINE" missed="17" covered="0"/><counter type="COMPLEXITY" missed="6" covered="0"/><counter type="METHOD" missed="1" covered="0"/></method><method name="drawClosedPath" desc="(Ljavafx/scene/shape/Path;Ljavafx/scene/paint/Color;Ljavafx/scene/paint/Color;Ljava/util/Optional;)V" line="191"><counter type="INSTRUCTION" missed="32" covered="0"/><counter type="BRANCH" missed="6" covered="0"/><counter type="LINE" missed="10" covered="0"/><counter type="COMPLEXITY" missed="4" covered="0"/><counter type="METHOD" missed="1" covered="0"/></method><method name="drawRoundedRectangle" desc="(Lorg/jetuml/geom/Rectangle;Ljavafx/scene/paint/Color;Ljavafx/scene/paint/Color;Ljava/util/Optional;)V" line="215"><counter type="INSTRUCTION" missed="42" covered="0"/><counter type="LINE" missed="5" covered="0"/><counter type="COMPLEXITY" missed="1" covered="0"/><counter type="METHOD" missed="1" covered="0"/></method><method name="drawText" desc="(Ljava/lang/String;Lorg/jetuml/geom/Rectangle;Lorg/jetuml/geom/Alignment;Ljavafx/scene/paint/Color;Ljavafx/scene/text/Font;Lorg/jetuml/rendering/FontDimension;)V" line="229"><counter type="INSTRUCTION" missed="86" covered="0"/><counter type="BRANCH" missed="6" covered="0"/><counter type="LINE" missed="15" covered="0"/><counter type="COMPLEXITY" missed="4" covered="0"/><counter type="METHOD" missed="1" covered="0"/></method><method name="escapeText" desc="(Ljava/lang/String;)Ljava/lang/String;" line="260"><counter type="INSTRUCTION" missed="8" covered="0"/><counter type="LINE" missed="1" covered="0"/><counter type="COMPLEXITY" missed="1" covered="0"/><counter type="METHOD" missed="1" covered="0"/></method><method name="create" desc="()Ljava/lang/String;" line="268"><counter type="INSTRUCTION" missed="8" covered="0"/><counter type="LINE" missed="2" covered="0"/><counter type="COMPLEXITY" missed="1" covered="0"/><counter type="METHOD" missed="1" covered="0"/></method><method name="lambda$drawRoundedRectangle$2" desc="(Lorg/jetuml/geom/Rectangle;Ljavafx/scene/effect/DropShadow;)V" line="219"><counter type="INSTRUCTION" missed="37" covered="0"/><counter type="LINE" missed="2" covered="0"/><counter type="COMPLEXITY" missed="1" covered="0"/><counter type="METHOD" missed="1" covered="0"/></method><method name="lambda$drawRectangle$1" desc="(Lorg/jetuml/geom/Rectangle;Ljavafx/scene/effect/DropShadow;)V" line="112"><counter type="INSTRUCTION" missed="37" covered="0"/><counter type="LINE" missed="2" covered="0"/><counter type="COMPLEXITY" missed="1" covered="0"/><counter type="METHOD" missed="1" covered="0"/></method><method name="lambda$lineStyle$0" desc="(D)Ljava/lang/String;" line="96"><counter type="INSTRUCTION" missed="3" covered="0"/><counter type="LINE" missed="1" covered="0"/><counter type="COMPLEXITY" missed="1" covered="0"/><counter type="METHOD" missed="1" covered="0"/></method><counter type="INSTRUCTION" missed="745" covered="0"/><counter type="BRANCH" missed="28" covered="0"/><counter type="LINE" missed="99" covered="0"/><counter type="COMPLEXITY" missed="30" covered="0"/><counter type="METHOD" missed="16" covered="0"/><counter type="CLASS" missed="1" covered="0"/></class><class name="org/jetuml/rendering/RenderingContext" sourcefilename="RenderingContext.java"/><class name="org/jetuml/rendering/Side" sourcefilename="Side.java"><method name="isHorizontal" desc="()Z" line="40"><counter type="INSTRUCTION" missed="0" covered="10"/><counter type="BRANCH" missed="0" covered="4"/><counter type="LINE" missed="0" covered="1"/><counter type="COMPLEXITY" missed="0" covered="3"/><counter type="METHOD" missed="0" covered="1"/></method><method name="isVertical" desc="()Z" line="49"><counter type="INSTRUCTION" missed="0" covered="10"/><counter type="BRANCH" missed="0" covered="4"/><counter type="LINE" missed="0" covered="1"/><counter type="COMPLEXITY" missed="0" covered="3"/><counter type="METHOD" missed="0" covered="1"/></method><method name="mirrored" desc="()Lorg/jetuml/rendering/Side;" line="58"><counter type="INSTRUCTION" missed="0" covered="17"/><counter type="BRANCH" missed="0" covered="6"/><counter type="LINE" missed="0" covered="7"/><counter type="COMPLEXITY" missed="0" covered="4"/><counter type="METHOD" missed="0" covered="1"/></method><method name="getCorrespondingLine" desc="(Lorg/jetuml/geom/Rectangle;)Lorg/jetuml/geom/Line;" line="86"><counter type="INSTRUCTION" missed="8" covered="88"/><counter type="BRANCH" missed="2" covered="8"/><counter type="LINE" missed="0" covered="13"/><counter type="COMPLEXITY" missed="2" covered="4"/><counter type="METHOD" missed="0" covered="1"/></method><method name="&lt;clinit&gt;" desc="()V" line="30"><counter type="INSTRUCTION" missed="0" covered="27"/><counter type="LINE" missed="0" covered="2"/><counter type="COMPLEXITY" missed="0" covered="1"/><counter type="METHOD" missed="0" covered="1"/></method><counter type="INSTRUCTION" missed="8" covered="152"/><counter type="BRANCH" missed="2" covered="22"/><counter type="LINE" missed="0" covered="24"/><counter type="COMPLEXITY" missed="2" covered="15"/><counter type="METHOD" missed="0" covered="5"/><counter type="CLASS" missed="0" covered="1"/></class><class name="org/jetuml/rendering/EdgePath" sourcefilename="EdgePath.java"><method name="&lt;init&gt;" desc="([Lorg/jetuml/geom/Point;)V" line="44"><counter type="INSTRUCTION" missed="4" covered="12"/><counter type="BRANCH" missed="1" covered="1"/><counter type="LINE" missed="0" covered="4"/><counter type="COMPLEXITY" missed="1" covered="1"/><counter type="METHOD" missed="0" covered="1"/></method><method name="getStartPoint" desc="()Lorg/jetuml/geom/Point;" line="55"><counter type="INSTRUCTION" missed="0" covered="6"/><counter type="LINE" missed="0" covered="1"/><counter type="COMPLEXITY" missed="0" covered="1"/><counter type="METHOD" missed="0" covered="1"/></method><method name="getEndPoint" desc="()Lorg/jetuml/geom/Point;" line="64"><counter type="INSTRUCTION" missed="0" covered="10"/><counter type="LINE" missed="0" covered="1"/><counter type="COMPLEXITY" missed="0" covered="1"/><counter type="METHOD" missed="0" covered="1"/></method><method name="getPointByIndex" desc="(I)Lorg/jetuml/geom/Point;" line="75"><counter type="INSTRUCTION" missed="4" covered="14"/><counter type="BRANCH" missed="2" covered="2"/><counter type="LINE" missed="0" covered="2"/><counter type="COMPLEXITY" missed="2" covered="1"/><counter type="METHOD" missed="0" covered="1"/></method><method name="hashCode" desc="()I" line="82"><counter type="INSTRUCTION" missed="9" covered="0"/><counter type="LINE" missed="1" covered="0"/><counter type="COMPLEXITY" missed="1" covered="0"/><counter type="METHOD" missed="1" covered="0"/></method><method name="equals" desc="(Ljava/lang/Object;)Z" line="88"><counter type="INSTRUCTION" missed="2" covered="50"/><counter type="BRANCH" missed="1" covered="11"/><counter type="LINE" missed="1" covered="12"/><counter type="COMPLEXITY" missed="1" covered="6"/><counter type="METHOD" missed="0" covered="1"/></method><method name="size" desc="()I" line="121"><counter type="INSTRUCTION" missed="0" covered="4"/><counter type="LINE" missed="0" covered="1"/><counter type="COMPLEXITY" missed="0" covered="1"/><counter type="METHOD" missed="0" covered="1"/></method><method name="iterator" desc="()Ljava/util/Iterator;" line="127"><counter type="INSTRUCTION" missed="4" covered="0"/><counter type="LINE" missed="1" covered="0"/><counter type="COMPLEXITY" missed="1" covered="0"/><counter type="METHOD" missed="1" covered="0"/></method><method name="&lt;clinit&gt;" desc="()V" line="34"><counter type="INSTRUCTION" missed="0" covered="1"/><counter type="LINE" missed="0" covered="1"/><counter type="COMPLEXITY" missed="0" covered="1"/><counter type="METHOD" missed="0" covered="1"/></method><counter type="INSTRUCTION" missed="23" covered="97"/><counter type="BRANCH" missed="4" covered="14"/><counter type="LINE" missed="3" covered="22"/><counter type="COMPLEXITY" missed="6" covered="12"/><counter type="METHOD" missed="2" covered="7"/><counter type="CLASS" missed="0" covered="1"/></class><class name="org/jetuml/rendering/UseCaseDiagramRenderer" sourcefilename="UseCaseDiagramRenderer.java"><method name="&lt;init&gt;" desc="(Lorg/jetuml/diagram/Diagram;)V" line="45"><counter type="INSTRUCTION" missed="0" covered="39"/><counter type="LINE" missed="0" covered="7"/><counter type="COMPLEXITY" missed="0" covered="1"/><counter type="METHOD" missed="0" covered="1"/></method><counter type="INSTRUCTION" missed="0" covered="39"/><counter type="LINE" missed="0" covered="7"/><counter type="COMPLEXITY" missed="0" covered="1"/><counter type="METHOD" missed="0" covered="1"/><counter type="CLASS" missed="0" covered="1"/></class><class name="org/jetuml/rendering/SequenceDiagramRenderer" sourcefilename="SequenceDiagramRenderer.java"><method name="&lt;init&gt;" desc="(Lorg/jetuml/diagram/Diagram;)V" line="84"><counter type="INSTRUCTION" missed="0" covered="49"/><counter type="LINE" missed="0" covered="9"/><counter type="COMPLEXITY" missed="0" covered="1"/><counter type="METHOD" missed="0" covered="1"/></method><method name="draw" desc="(Lorg/jetuml/rendering/RenderingContext;)V" line="103"><counter type="INSTRUCTION" missed="6" covered="0"/><counter type="LINE" missed="3" covered="0"/><counter type="COMPLEXITY" missed="1" covered="0"/><counter type="METHOD" missed="1" covered="0"/></method><method name="layout" desc="()V" line="112"><counter type="INSTRUCTION" missed="0" covered="3"/><counter type="LINE" missed="0" covered="2"/><counter type="COMPLEXITY" missed="0" covered="1"/><counter type="METHOD" missed="0" covered="1"/></method><method name="noComputedPositionFound" desc="()Z" line="122"><counter type="INSTRUCTION" missed="0" covered="4"/><counter type="LINE" missed="0" covered="1"/><counter type="COMPLEXITY" missed="0" covered="1"/><counter type="METHOD" missed="0" covered="1"/></method><method name="getBounds" desc="()Lorg/jetuml/geom/Rectangle;" line="130"><counter type="INSTRUCTION" missed="0" covered="8"/><counter type="BRANCH" missed="1" covered="1"/><counter type="LINE" missed="0" covered="3"/><counter type="COMPLEXITY" missed="1" covered="1"/><counter type="METHOD" missed="0" covered="1"/></method><method name="topRectangleContains" desc="(Lorg/jetuml/diagram/Node;Lorg/jetuml/geom/Point;)Z" line="144"><counter type="INSTRUCTION" missed="8" covered="19"/><counter type="BRANCH" missed="3" covered="3"/><counter type="LINE" missed="0" covered="4"/><counter type="COMPLEXITY" missed="3" covered="1"/><counter type="METHOD" missed="0" covered="1"/></method><method name="getCaller" desc="(Lorg/jetuml/diagram/Node;)Ljava/util/Optional;" line="160"><counter type="INSTRUCTION" missed="4" covered="31"/><counter type="BRANCH" missed="2" covered="2"/><counter type="LINE" missed="0" covered="7"/><counter type="COMPLEXITY" missed="2" covered="1"/><counter type="METHOD" missed="0" covered="1"/></method><method name="getNestingDepth" desc="(Lorg/jetuml/diagram/nodes/CallNode;)I" line="178"><counter type="INSTRUCTION" missed="4" covered="29"/><counter type="BRANCH" missed="1" covered="5"/><counter type="LINE" missed="0" covered="8"/><counter type="COMPLEXITY" missed="1" covered="3"/><counter type="METHOD" missed="0" covered="1"/></method><method name="computeYPositions" desc="()V" line="197"><counter type="INSTRUCTION" missed="0" covered="56"/><counter type="BRANCH" missed="0" covered="4"/><counter type="LINE" missed="0" covered="12"/><counter type="COMPLEXITY" missed="0" covered="3"/><counter type="METHOD" missed="0" covered="1"/></method><method name="getY" desc="(Lorg/jetuml/diagram/Node;)I" line="220"><counter type="INSTRUCTION" missed="8" covered="16"/><counter type="BRANCH" missed="2" covered="2"/><counter type="LINE" missed="0" covered="3"/><counter type="COMPLEXITY" missed="2" covered="1"/><counter type="METHOD" missed="0" covered="1"/></method><method name="getMaxY" desc="(Lorg/jetuml/diagram/Node;)I" line="231"><counter type="INSTRUCTION" missed="8" covered="16"/><counter type="BRANCH" missed="2" covered="2"/><counter type="LINE" missed="0" covered="3"/><counter type="COMPLEXITY" missed="2" covered="1"/><counter type="METHOD" missed="0" covered="1"/></method><method name="computeYPosition" desc="(Lorg/jetuml/diagram/Node;I)I" line="242"><counter type="INSTRUCTION" missed="0" covered="54"/><counter type="BRANCH" missed="0" covered="6"/><counter type="LINE" missed="0" covered="14"/><counter type="COMPLEXITY" missed="0" covered="4"/><counter type="METHOD" missed="0" covered="1"/></method><method name="isConstructorCall" desc="(Lorg/jetuml/diagram/Node;)Z" line="272"><counter type="INSTRUCTION" missed="4" covered="12"/><counter type="BRANCH" missed="1" covered="1"/><counter type="LINE" missed="0" covered="4"/><counter type="COMPLEXITY" missed="1" covered="1"/><counter type="METHOD" missed="0" covered="1"/></method><method name="getIncomingCall" desc="(Lorg/jetuml/diagram/Node;)Ljava/util/Optional;" line="280"><counter type="INSTRUCTION" missed="4" covered="14"/><counter type="BRANCH" missed="1" covered="1"/><counter type="LINE" missed="0" covered="4"/><counter type="COMPLEXITY" missed="1" covered="1"/><counter type="METHOD" missed="0" covered="1"/></method><method name="getLifelineTop" desc="(Lorg/jetuml/diagram/nodes/ImplicitParameterNode;)I" line="293"><counter type="INSTRUCTION" missed="0" covered="44"/><counter type="BRANCH" missed="0" covered="4"/><counter type="LINE" missed="0" covered="8"/><counter type="COMPLEXITY" missed="0" covered="3"/><counter type="METHOD" missed="0" covered="1"/></method><method name="findRoot" desc="()Ljava/util/Optional;" line="313"><counter type="INSTRUCTION" missed="4" covered="43"/><counter type="BRANCH" missed="1" covered="3"/><counter type="LINE" missed="0" covered="13"/><counter type="COMPLEXITY" missed="1" covered="2"/><counter type="METHOD" missed="0" covered="1"/></method><method name="getCenterXCoordinate" desc="(Lorg/jetuml/diagram/nodes/ImplicitParameterNode;)I" line="336"><counter type="INSTRUCTION" missed="0" covered="3"/><counter type="LINE" missed="0" covered="1"/><counter type="COMPLEXITY" missed="0" covered="1"/><counter type="METHOD" missed="0" covered="1"/></method><method name="deepFindNode" desc="(Lorg/jetuml/diagram/Node;Lorg/jetuml/geom/Point;)Ljava/util/Optional;" line="342"><counter type="INSTRUCTION" missed="0" covered="27"/><counter type="BRANCH" missed="0" covered="2"/><counter type="LINE" missed="0" covered="8"/><counter type="COMPLEXITY" missed="0" covered="2"/><counter type="METHOD" missed="0" covered="1"/></method><method name="getCallees" desc="(Lorg/jetuml/diagram/Node;)Ljava/util/List;" line="365"><counter type="INSTRUCTION" missed="4" covered="27"/><counter type="BRANCH" missed="2" covered="2"/><counter type="LINE" missed="0" covered="6"/><counter type="COMPLEXITY" missed="2" covered="1"/><counter type="METHOD" missed="0" covered="1"/></method><method name="selectableNodeAt" desc="(Lorg/jetuml/geom/Point;)Ljava/util/Optional;" line="380"><counter type="INSTRUCTION" missed="18" covered="0"/><counter type="LINE" missed="5" covered="0"/><counter type="COMPLEXITY" missed="1" covered="0"/><counter type="METHOD" missed="1" covered="0"/></method><method name="getDropDistance" desc="()I" line="394"><counter type="INSTRUCTION" missed="0" covered="7"/><counter type="LINE" missed="0" covered="1"/><counter type="COMPLEXITY" missed="0" covered="1"/><counter type="METHOD" missed="0" covered="1"/></method><method name="hasEntryPoint" desc="()Z" line="402"><counter type="INSTRUCTION" missed="0" covered="7"/><counter type="LINE" missed="0" covered="1"/><counter type="COMPLEXITY" missed="0" covered="1"/><counter type="METHOD" missed="0" covered="1"/></method><method name="hasCallNode" desc="(Lorg/jetuml/diagram/Node;)Z" line="407"><counter type="INSTRUCTION" missed="1" covered="11"/><counter type="BRANCH" missed="2" covered="2"/><counter type="LINE" missed="0" covered="2"/><counter type="COMPLEXITY" missed="2" covered="1"/><counter type="METHOD" missed="0" covered="1"/></method><method name="getStartNodeIfExclusive" desc="(Lorg/jetuml/diagram/Edge;)Ljava/util/Optional;" line="422"><counter type="INSTRUCTION" missed="4" covered="35"/><counter type="BRANCH" missed="1" covered="9"/><counter type="LINE" missed="0" covered="8"/><counter type="COMPLEXITY" missed="1" covered="5"/><counter type="METHOD" missed="0" covered="1"/></method><method name="startNodeOnlyCalls" desc="(Lorg/jetuml/diagram/Edge;)Z" line="445"><counter type="INSTRUCTION" missed="4" covered="29"/><counter type="BRANCH" missed="2" covered="8"/><counter type="LINE" missed="0" covered="5"/><counter type="COMPLEXITY" missed="2" covered="4"/><counter type="METHOD" missed="0" covered="1"/></method><method name="onlyCallsToASingleImplicitParameterNode" desc="(Lorg/jetuml/diagram/Node;Lorg/jetuml/diagram/Node;)Z" line="454"><counter type="INSTRUCTION" missed="4" covered="13"/><counter type="BRANCH" missed="2" covered="2"/><counter type="LINE" missed="0" covered="2"/><counter type="COMPLEXITY" missed="2" covered="1"/><counter type="METHOD" missed="0" covered="1"/></method><method name="getCalls" desc="(Lorg/jetuml/diagram/Node;)Ljava/util/List;" line="465"><counter type="INSTRUCTION" missed="4" covered="26"/><counter type="BRANCH" missed="1" covered="1"/><counter type="LINE" missed="0" covered="6"/><counter type="COMPLEXITY" missed="1" covered="1"/><counter type="METHOD" missed="0" covered="1"/></method><method name="lambda$getCalls$14" desc="(Lorg/jetuml/diagram/Node;Lorg/jetuml/diagram/edges/CallEdge;)Z" line="469"><counter type="INSTRUCTION" missed="0" covered="8"/><counter type="BRANCH" missed="0" covered="2"/><counter type="LINE" missed="0" covered="1"/><counter type="COMPLEXITY" missed="0" covered="2"/><counter type="METHOD" missed="0" covered="1"/></method><method name="lambda$onlyCallsToASingleImplicitParameterNode$13" desc="(Lorg/jetuml/diagram/Node;Lorg/jetuml/diagram/edges/CallEdge;)Z" line="455"><counter type="INSTRUCTION" missed="0" covered="9"/><counter type="BRANCH" missed="0" covered="2"/><counter type="LINE" missed="0" covered="1"/><counter type="COMPLEXITY" missed="0" covered="2"/><counter type="METHOD" missed="0" covered="1"/></method><method name="lambda$selectableNodeAt$12" desc="(Lorg/jetuml/geom/Point;)Ljava/util/Optional;" line="385"><counter type="INSTRUCTION" missed="4" covered="0"/><counter type="LINE" missed="1" covered="0"/><counter type="COMPLEXITY" missed="1" covered="0"/><counter type="METHOD" missed="1" covered="0"/></method><method name="lambda$selectableNodeAt$11" desc="(Lorg/jetuml/geom/Point;Lorg/jetuml/diagram/Node;)Z" line="382"><counter type="INSTRUCTION" missed="9" covered="0"/><counter type="LINE" missed="2" covered="0"/><counter type="COMPLEXITY" missed="1" covered="0"/><counter type="METHOD" missed="1" covered="0"/></method><method name="lambda$selectableNodeAt$10" desc="(Lorg/jetuml/diagram/Node;)Z" line="381"><counter type="INSTRUCTION" missed="8" covered="0"/><counter type="BRANCH" missed="2" covered="0"/><counter type="LINE" missed="1" covered="0"/><counter type="COMPLEXITY" missed="2" covered="0"/><counter type="METHOD" missed="1" covered="0"/></method><method name="lambda$getCallees$9" desc="(Lorg/jetuml/diagram/Node;Lorg/jetuml/diagram/Edge;)Z" line="368"><counter type="INSTRUCTION" missed="0" covered="8"/><counter type="BRANCH" missed="0" covered="2"/><counter type="LINE" missed="0" covered="1"/><counter type="COMPLEXITY" missed="0" covered="2"/><counter type="METHOD" missed="0" covered="1"/></method><method name="lambda$deepFindNode$8" desc="(Lorg/jetuml/diagram/Node;Lorg/jetuml/geom/Point;)Ljava/util/Optional;" line="351"><counter type="INSTRUCTION" missed="0" covered="5"/><counter type="LINE" missed="0" covered="1"/><counter type="COMPLEXITY" missed="0" covered="1"/><counter type="METHOD" missed="0" covered="1"/></method><method name="lambda$deepFindNode$7" desc="(Lorg/jetuml/geom/Point;Lorg/jetuml/diagram/Node;)Ljava/util/Optional;" line="346"><counter type="INSTRUCTION" missed="0" covered="5"/><counter type="LINE" missed="0" covered="1"/><counter type="COMPLEXITY" missed="0" covered="1"/><counter type="METHOD" missed="0" covered="1"/></method><method name="lambda$findRoot$6" desc="(Ljava/util/Set;Lorg/jetuml/diagram/Node;)Z" line="319"><counter type="INSTRUCTION" missed="0" covered="8"/><counter type="BRANCH" missed="0" covered="2"/><counter type="LINE" missed="0" covered="1"/><counter type="COMPLEXITY" missed="0" covered="2"/><counter type="METHOD" missed="0" covered="1"/></method><method name="lambda$findRoot$5" desc="(Lorg/jetuml/diagram/Node;)Z" line="318"><counter type="INSTRUCTION" missed="0" covered="8"/><counter type="BRANCH" missed="0" covered="2"/><counter type="LINE" missed="0" covered="1"/><counter type="COMPLEXITY" missed="0" covered="2"/><counter type="METHOD" missed="0" covered="1"/></method><method name="lambda$findRoot$4" desc="(Lorg/jetuml/diagram/Edge;)Z" line="314"><counter type="INSTRUCTION" missed="0" covered="5"/><counter type="LINE" missed="0" covered="1"/><counter type="COMPLEXITY" missed="0" covered="1"/><counter type="METHOD" missed="0" covered="1"/></method><method name="lambda$getLifelineTop$3" desc="(Lorg/jetuml/diagram/nodes/ImplicitParameterNode;Lorg/jetuml/diagram/Node;)Z" line="295"><counter type="INSTRUCTION" missed="0" covered="8"/><counter type="BRANCH" missed="0" covered="2"/><counter type="LINE" missed="0" covered="1"/><counter type="COMPLEXITY" missed="0" covered="2"/><counter type="METHOD" missed="0" covered="1"/></method><method name="lambda$getIncomingCall$2" desc="(Lorg/jetuml/diagram/Node;Lorg/jetuml/diagram/Edge;)Z" line="282"><counter type="INSTRUCTION" missed="0" covered="8"/><counter type="BRANCH" missed="0" covered="2"/><counter type="LINE" missed="0" covered="1"/><counter type="COMPLEXITY" missed="0" covered="2"/><counter type="METHOD" missed="0" covered="1"/></method><method name="lambda$isConstructorCall$1" desc="(Lorg/jetuml/diagram/Edge;)Z" line="274"><counter type="INSTRUCTION" missed="0" covered="3"/><counter type="LINE" missed="0" covered="1"/><counter type="COMPLEXITY" missed="0" covered="1"/><counter type="METHOD" missed="0" covered="1"/></method><method name="lambda$getCaller$0" desc="(Lorg/jetuml/diagram/Node;Lorg/jetuml/diagram/Edge;)Z" line="163"><counter type="INSTRUCTION" missed="0" covered="8"/><counter type="BRANCH" missed="0" covered="2"/><counter type="LINE" missed="0" covered="1"/><counter type="COMPLEXITY" missed="0" covered="2"/><counter type="METHOD" missed="0" covered="1"/></method><method name="&lt;clinit&gt;" desc="()V" line="82"><counter type="INSTRUCTION" missed="0" covered="8"/><counter type="LINE" missed="0" covered="1"/><counter type="COMPLEXITY" missed="0" covered="1"/><counter type="METHOD" missed="0" covered="1"/></method><counter type="INSTRUCTION" missed="110" covered="674"/><counter type="BRANCH" missed="26" covered="76"/><counter type="LINE" missed="9" covered="136"/><counter type="COMPLEXITY" missed="30" covered="64"/><counter type="METHOD" missed="5" covered="38"/><counter type="CLASS" missed="0" covered="1"/></class><class name="org/jetuml/rendering/DiagramElementRenderer" sourcefilename="DiagramElementRenderer.java"/><class name="org/jetuml/rendering/GraphicsRenderingContext" sourcefilename="GraphicsRenderingContext.java"><method name="&lt;init&gt;" desc="(Ljavafx/scene/canvas/GraphicsContext;)V" line="66"><counter type="INSTRUCTION" missed="0" covered="15"/><counter type="LINE" missed="0" covered="5"/><counter type="COMPLEXITY" missed="0" covered="1"/><counter type="METHOD" missed="0" covered="1"/></method><method name="strokeLine" desc="(IIIILjavafx/scene/paint/Color;Lorg/jetuml/rendering/LineStyle;)V" line="77"><counter type="INSTRUCTION" missed="36" covered="0"/><counter type="BRANCH" missed="4" covered="0"/><counter type="LINE" missed="7" covered="0"/><counter type="COMPLEXITY" missed="3" covered="0"/><counter type="METHOD" missed="1" covered="0"/></method><method name="drawRectangle" desc="(Lorg/jetuml/geom/Rectangle;Ljavafx/scene/paint/Color;Ljavafx/scene/paint/Color;Ljava/util/Optional;)V" line="88"><counter type="INSTRUCTION" missed="4" covered="56"/><counter type="BRANCH" missed="1" covered="1"/><counter type="LINE" missed="0" covered="10"/><counter type="COMPLEXITY" missed="1" covered="1"/><counter type="METHOD" missed="0" covered="1
[...]
"/><line nr="126" mi="4" ci="5" mb="2" cb="2"/><line nr="129" mi="0" ci="4" mb="0" cb="0"/><line nr="130" mi="0" ci="16" mb="0" cb="0"/><line nr="131" mi="0" ci="6" mb="0" cb="0"/><line nr="144" mi="0" ci="4" mb="0" cb="0"/><line nr="145" mi="0" ci="10" mb="0" cb="2"/><line nr="147" mi="0" ci="6" mb="0" cb="2"/><line nr="149" mi="0" ci="12" mb="0" cb="0"/><line nr="150" mi="0" ci="6" mb="0" cb="0"/><line nr="151" mi="0" ci="6" mb="0" cb="0"/><line nr="153" mi="0" ci="6" mb="1" cb="1"/><line nr="159" mi="0" ci="11" mb="0" cb="0"/><line nr="162" mi="0" ci="5" mb="0" cb="0"/><line nr="163" mi="0" ci="6" mb="0" cb="0"/><line nr="164" mi="0" ci="1" mb="0" cb="0"/><line nr="165" mi="0" ci="7" mb="0" cb="0"/><line nr="167" mi="0" ci="1" mb="0" cb="0"/><line nr="169" mi="0" ci="2" mb="0" cb="0"/><line nr="182" mi="4" ci="9" mb="2" cb="2"/><line nr="183" mi="0" ci="4" mb="0" cb="0"/><line nr="184" mi="0" ci="4" mb="0" cb="0"/><line nr="185" mi="0" ci="4" mb="1" cb="1"/><line nr="187" mi="15" ci="0" mb="2" cb="0"/><line nr="189" mi="4" ci="0" mb="0" cb="0"/><line nr="190" mi="1" ci="0" mb="0" cb="0"/><line nr="192" mi="0" ci="4" mb="0" cb="2"/><line nr="194" mi="0" ci="3" mb="0" cb="0"/><line nr="195" mi="0" ci="5" mb="1" cb="1"/><line nr="197" mi="5" ci="0" mb="0" cb="0"/><line nr="199" mi="0" ci="5" mb="0" cb="2"/><line nr="201" mi="0" ci="5" mb="0" cb="0"/><line nr="204" mi="0" ci="6" mb="0" cb="2"/><line nr="206" mi="0" ci="3" mb="0" cb="0"/><line nr="207" mi="0" ci="13" mb="0" cb="2"/><line nr="209" mi="0" ci="10" mb="0" cb="4"/><line nr="211" mi="0" ci="4" mb="0" cb="0"/><line nr="214" mi="0" ci="3" mb="0" cb="2"/><line nr="216" mi="0" ci="4" mb="1" cb="1"/><line nr="218" mi="5" ci="0" mb="0" cb="0"/><line nr="220" mi="0" ci="4" mb="1" cb="1"/><line nr="222" mi="0" ci="5" mb="0" cb="0"/><line nr="226" mi="0" ci="1" mb="0" cb="0"/><line nr="228" mi="0" ci="2" mb="0" cb="0"/><line nr="236" mi="0" ci="4" mb="0" cb="0"/><line nr="237" mi="0" ci="4" mb="0" cb="0"/><line nr="238" mi="0" ci="10" mb="0" cb="2"/><line nr="240" mi="0" ci="4" mb="0" cb="2"/><line nr="242" mi="0" ci="5" mb="0" cb="0"/><line nr="246" mi="0" ci="3" mb="0" cb="0"/><line nr="247" mi="0" ci="5" mb="0" cb="2"/><line nr="249" mi="0" ci="9" mb="0" cb="0"/><line nr="251" mi="0" ci="8" mb="0" cb="0"/><line nr="253" mi="0" ci="1" mb="0" cb="0"/><line nr="254" mi="0" ci="11" mb="0" cb="2"/><line nr="256" mi="0" ci="5" mb="0" cb="0"/><line nr="257" mi="0" ci="6" mb="0" cb="0"/><line nr="258" mi="0" ci="3" mb="0" cb="0"/><line nr="262" mi="0" ci="7" mb="0" cb="0"/><line nr="263" mi="0" ci="5" mb="0" cb="0"/><line nr="266" mi="0" ci="10" mb="0" cb="2"/><line nr="268" mi="0" ci="4" mb="0" cb="0"/><line nr="269" mi="0" ci="1" mb="0" cb="0"/><line nr="270" mi="0" ci="1" mb="0" cb="0"/><line nr="271" mi="0" ci="4" mb="0" cb="0"/><line nr="272" mi="0" ci="4" mb="0" cb="0"/><line nr="273" mi="0" ci="4" mb="0" cb="0"/><line nr="274" mi="0" ci="10" mb="0" cb="2"/><line nr="276" mi="0" ci="6" mb="0" cb="2"/><line nr="278" mi="0" ci="5" mb="0" cb="0"/><line nr="280" mi="0" ci="9" mb="1" cb="3"/><line nr="282" mi="0" ci="5" mb="0" cb="0"/><line nr="286" mi="0" ci="4" mb="0" cb="0"/><line nr="288" mi="0" ci="1" mb="0" cb="0"/><line nr="289" mi="0" ci="16" mb="0" cb="0"/><line nr="290" mi="0" ci="6" mb="0" cb="0"/><line nr="291" mi="0" ci="6" mb="0" cb="0"/><line nr="295" mi="0" ci="3" mb="0" cb="0"/><line nr="296" mi="0" ci="3" mb="0" cb="0"/><line nr="297" mi="0" ci="3" mb="0" cb="2"/><line nr="299" mi="0" ci="10" mb="0" cb="0"/><line nr="303" mi="0" ci="11" mb="0" cb="0"/><line nr="304" mi="0" ci="5" mb="0" cb="0"/><line nr="308" mi="0" ci="4" mb="0" cb="0"/><line nr="309" mi="0" ci="4" mb="0" cb="0"/><line nr="310" mi="0" ci="2" mb="0" cb="0"/><line nr="322" mi="4" ci="3" mb="1" cb="1"/><line nr="323" mi="0" ci="4" mb="0" cb="0"/><line nr="324" mi="0" ci="10" mb="0" cb="2"/><line nr="326" mi="0" ci="6" mb="0" cb="0"/><line nr="327" mi="0" ci="1" mb="0" cb="0"/><line nr="328" mi="0" ci="4" mb="0" cb="0"/><line nr="330" mi="0" ci="12" mb="0" cb="2"/><line nr="332" mi="0" ci="6" mb="0" cb="2"/><line nr="334" mi="0" ci="6" mb="0" cb="0"/><line nr="335" mi="0" ci="12" mb="0" cb="0"/><line nr="336" mi="0" ci="6" mb="0" cb="0"/><line nr="337" mi="0" ci="7" mb="0" cb="0"/><line nr="338" mi="0" ci="1" mb="0" cb="0"/><line nr="339" mi="0" ci="6" mb="1" cb="1"/><line nr="341" mi="0" ci="3" mb="0" cb="2"/><line nr="343" mi="0" ci="7" mb="0" cb="0"/><line nr="344" mi="0" ci="2" mb="0" cb="0"/><line nr="345" mi="0" ci="2" mb="0" cb="0"/><line nr="349" mi="0" ci="11" mb="0" cb="0"/><line nr="350" mi="0" ci="6" mb="0" cb="0"/><line nr="351" mi="0" ci="6" mb="0" cb="0"/><line nr="354" mi="0" ci="1" mb="0" cb="0"/><line nr="355" mi="0" ci="2" mb="0" cb="0"/><line nr="369" mi="0" ci="12" mb="0" cb="0"/><line nr="370" mi="0" ci="5" mb="0" cb="0"/><line nr="371" mi="0" ci="7" mb="0" cb="0"/><line nr="386" mi="4" ci="7" mb="3" cb="3"/><line nr="388" mi="0" ci="4" mb="0" cb="0"/><line nr="389" mi="0" ci="6" mb="0" cb="0"/><line nr="390" mi="0" ci="6" mb="0" cb="0"/><line nr="392" mi="0" ci="4" mb="0" cb="0"/><line nr="393" mi="0" ci="6" mb="0" cb="2"/><line nr="395" mi="0" ci="17" mb="0" cb="0"/><line nr="396" mi="6" ci="0" mb="0" cb="0"/><line nr="398" mi="0" ci="8" mb="0" cb="0"/><line nr="399" mi="0" ci="2" mb="0" cb="0"/><line nr="414" mi="0" ci="2" mb="0" cb="0"/><line nr="423" mi="0" ci="5" mb="0" cb="0"/><line nr="425" mi="4" ci="4" mb="1" cb="1"/><line nr="426" mi="0" ci="4" mb="0" cb="0"/><line nr="436" mi="0" ci="5" mb="0" cb="0"/><line nr="438" mi="0" ci="9" mb="1" cb="3"/><line nr="439" mi="0" ci="2" mb="0" cb="2"/><line nr="441" mi="0" ci="4" mb="0" cb="0"/><line nr="442" mi="0" ci="6" mb="0" cb="0"/><line nr="443" mi="0" ci="2" mb="0" cb="0"/><line nr="447" mi="0" ci="4" mb="0" cb="0"/><line nr="466" mi="0" ci="4" mb="0" cb="0"/><line nr="467" mi="0" ci="17" mb="0" cb="0"/><line nr="468" mi="0" ci="6" mb="0" cb="0"/><line nr="469" mi="0" ci="1" mb="0" cb="0"/><line nr="473" mi="0" ci="3" mb="0" cb="0"/><line nr="474" mi="0" ci="5" mb="0" cb="0"/><line nr="475" mi="0" ci="10" mb="0" cb="0"/><line nr="480" mi="0" ci="3" mb="0" cb="0"/><line nr="481" mi="0" ci="9" mb="1" cb="3"/><line nr="483" mi="5" ci="0" mb="0" cb="0"/><line nr="485" mi="5" ci="0" mb="0" cb="0"/><line nr="486" mi="3" ci="0" mb="0" cb="0"/><line nr="487" mi="14" ci="0" mb="0" cb="0"/><line nr="488" mi="1" ci="0" mb="0" cb="0"/><line nr="490" mi="0" ci="4" mb="0" cb="0"/><line nr="492" mi="0" ci="3" mb="0" cb="0"/><line nr="493" mi="0" ci="1" mb="0" cb="0"/><line nr="498" mi="0" ci="6" mb="0" cb="0"/><line nr="503" mi="0" ci="3" mb="0" cb="0"/><line nr="504" mi="0" ci="3" mb="0" cb="0"/><line nr="505" mi="0" ci="8" mb="0" cb="2"/><line nr="507" mi="0" ci="7" mb="0" cb="0"/><line nr="509" mi="0" ci="8" mb="0" cb="2"/><line nr="511" mi="0" ci="7" mb="0" cb="0"/><line nr="513" mi="0" ci="6" mb="0" cb="0"/><line nr="525" mi="4" ci="5" mb="2" cb="2"/><line nr="526" mi="0" ci="5" mb="0" cb="0"/><line nr="527" mi="0" ci="5" mb="0" cb="0"/><line nr="528" mi="0" ci="6" mb="0" cb="0"/><line nr="529" mi="0" ci="1" mb="0" cb="0"/><counter type="INSTRUCTION" missed="96" covered="887"/><counter type="BRANCH" missed="24" covered="78"/><counter type="LINE" missed="11" covered="166"/><counter type="COMPLEXITY" missed="25" covered="73"/><counter type="METHOD" missed="2" covered="45"/><counter type="CLASS" missed="0" covered="3"/></sourcefile><sourcefile name="StateDiagramBuilder.java"><line nr="30" mi="0" ci="1" mb="0" cb="0"/><line nr="41" mi="0" ci="3" mb="0" cb="0"/><line nr="42" mi="4" ci="5" mb="1" cb="1"/><line nr="43" mi="0" ci="1" mb="0" cb="0"/><counter type="INSTRUCTION" missed="4" covered="10"/><counter type="BRANCH" missed="1" covered="1"/><counter type="LINE" missed="0" covered="4"/><counter type="COMPLEXITY" missed="1" covered="2"/><counter type="METHOD" missed="0" covered="2"/><counter type="CLASS" missed="0" covered="1"/></sourcefile><sourcefile name="CompoundOperation.java"><line nr="39" mi="0" ci="2" mb="0" cb="0"/><line nr="41" mi="0" ci="6" mb="0" cb="0"/><line nr="51" mi="0" ci="5" mb="0" cb="0"/><line nr="52" mi="0" ci="1" mb="0" cb="0"/><line nr="57" mi="0" ci="11" mb="0" cb="2"/><line nr="59" mi="0" ci="2" mb="0" cb="0"/><line nr="60" mi="0" ci="1" mb="0" cb="0"/><line nr="61" mi="0" ci="1" mb="0" cb="0"/><line nr="66" mi="0" ci="6" mb="0" cb="0"/><line nr="67" mi="0" ci="2" mb="0" cb="0"/><line nr="68" mi="0" ci="10" mb="0" cb="2"/><line nr="70" mi="0" ci="2" mb="0" cb="0"/><line nr="71" mi="0" ci="1" mb="0" cb="0"/><line nr="72" mi="0" ci="1" mb="0" cb="0"/><line nr="80" mi="0" ci="4" mb="0" cb="0"/><counter type="INSTRUCTION" missed="0" covered="55"/><counter type="BRANCH" missed="0" covered="4"/><counter type="LINE" missed="0" covered="15"/><counter type="COMPLEXITY" missed="0" covered="7"/><counter type="METHOD" missed="0" covered="5"/><counter type="CLASS" missed="0" covered="1"/></sourcefile><sourcefile name="UseCaseDiagramBuilder.java"><line nr="31" mi="0" ci="1" mb="0" cb="0"/><line nr="42" mi="0" ci="3" mb="0" cb="0"/><line nr="43" mi="4" ci="5" mb="1" cb="1"/><line nr="44" mi="0" ci="1" mb="0" cb="0"/><counter type="INSTRUCTION" missed="4" covered="10"/><counter type="BRANCH" missed="1" covered="1"/><counter type="LINE" missed="0" covered="4"/><counter type="COMPLEXITY" missed="1" covered="2"/><counter type="METHOD" missed="0" covered="2"/><counter type="CLASS" missed="0" covered="1"/></sourcefile><sourcefile name="DiagramOperation.java"/><sourcefile name="ClassDiagramBuilder.java"><line nr="39" mi="0" ci="1" mb="0" cb="0"/><line nr="52" mi="0" ci="3" mb="0" cb="0"/><line nr="53" mi="4" ci="5" mb="1" cb="1"/><line nr="54" mi="0" ci="1" mb="0" cb="0"/><line nr="59" mi="0" ci="2" mb="0" cb="0"/><line nr="60" mi="0" ci="3" mb="0" cb="2"/><line nr="62" mi="0" ci="8" mb="0" cb="0"/><line nr="63" mi="0" ci="3" mb="0" cb="2"/><line nr="65" mi="0" ci="6" mb="0" cb="2"/><line nr="68" mi="0" ci="14" mb="0" cb="0"/><line nr="69" mi="0" ci="9" mb="0" cb="0"/><line nr="73" mi="0" ci="4" mb="0" cb="0"/><line nr="75" mi="0" ci="16" mb="0" cb="0"/><line nr="76" mi="0" ci="6" mb="0" cb="0"/><line nr="79" mi="0" ci="2" mb="0" cb="2"/><line nr="81" mi="0" ci="5" mb="0" cb="0"/><line nr="83" mi="0" ci="2" mb="0" cb="0"/><line nr="89" mi="0" ci="10" mb="0" cb="4"/><line nr="99" mi="0" ci="2" mb="0" cb="0"/><line nr="100" mi="0" ci="10" mb="0" cb="2"/><line nr="102" mi="0" ci="9" mb="0" cb="4"/><line nr="104" mi="0" ci="3" mb="0" cb="0"/><line nr="106" mi="0" ci="1" mb="0" cb="0"/><line nr="107" mi="0" ci="2" mb="0" cb="2"/><line nr="109" mi="0" ci="2" mb="0" cb="0"/><line nr="111" mi="0" ci="6" mb="0" cb="0"/><line nr="112" mi="0" ci="3" mb="0" cb="2"/><line nr="114" mi="0" ci="3" mb="0" cb="0"/><line nr="118" mi="0" ci="5" mb="0" cb="0"/><line nr="119" mi="0" ci="3" mb="0" cb="2"/><line nr="121" mi="0" ci="2" mb="0" cb="0"/><line nr="125" mi="0" ci="3" mb="0" cb="0"/><line nr="137" mi="4" ci="6" mb="2" cb="2"/><line nr="138" mi="0" ci="8" mb="0" cb="0"/><line nr="139" mi="0" ci="6" mb="0" cb="0"/><line nr="140" mi="0" ci="10" mb="0" cb="2"/><line nr="142" mi="0" ci="6" mb="1" cb="1"/><line nr="144" mi="0" ci="4" mb="0" cb="0"/><line nr="146" mi="0" ci="1" mb="0" cb="0"/><line nr="147" mi="0" ci="5" mb="0" cb="0"/><line nr="148" mi="0" ci="3" mb="0" cb="2"/><line nr="150" mi="0" ci="2" mb="0" cb="0"/><line nr="153" mi="0" ci="10" mb="0" cb="2"/><line nr="155" mi="0" ci="11" mb="2" cb="2"/><line nr="157" mi="2" ci="0" mb="0" cb="0"/><line nr="159" mi="0" ci="1" mb="0" cb="0"/><line nr="160" mi="0" ci="2" mb="0" cb="0"/><line nr="169" mi="4" ci="3" mb="1" cb="1"/><line nr="170" mi="0" ci="5" mb="0" cb="0"/><line nr="181" mi="0" ci="10" mb="1" cb="3"/><line nr="195" mi="0" ci="3" mb="0" cb="0"/><line nr="204" mi="4" ci="6" mb="2" cb="2"/><line nr="205" mi="0" ci="5" mb="0" cb="0"/><line nr="213" mi="4" ci="4" mb="1" cb="1"/><line nr="215" mi="0" ci="6" mb="0" cb="0"/><line nr="216" mi="0" ci="10" mb="0" cb="2"/><line nr="218" mi="0" ci="4" mb="0" cb="2"/><line nr="220" mi="0" ci="2" mb="0" cb="0"/><line nr="222" mi="0" ci="1" mb="0" cb="0"/><line nr="223" mi="0" ci="3" mb="0" cb="0"/><line nr="236" mi="4" ci="3" mb="1" cb="1"/><line nr="237" mi="0" ci="3" mb="0" cb="2"/><line nr="239" mi="0" ci="2" mb="0" cb="0"/><line nr="241" mi="0" ci="12" mb="0" cb="4"/><line nr="255" mi="4" ci="3" mb="1" cb="1"/><line nr="256" mi="0" ci="3" mb="0" cb="2"/><line nr="258" mi="0" ci="2" mb="0" cb="0"/><line nr="260" mi="0" ci="11" mb="0" cb="4"/><line nr="273" mi="4" ci="5" mb="1" cb="1"/><line nr="274" mi="0" ci="6" mb="0" cb="0"/><line nr="275" mi="0" ci="12" mb="0" cb="0"/><line nr="278" mi="0" ci="10" mb="0" cb="2"/><line nr="280" mi="0" ci="5" mb="0" cb="0"/><line nr="281" mi="0" ci="3" mb="0" cb="0"/><line nr="282" mi="0" ci="3" mb="0" cb="0"/><line nr="283" mi="0" ci="1" mb="0" cb="0"/><line nr="284" mi="0" ci="1" mb="0" cb="0"/><line nr="287" mi="0" ci="10" mb="0" cb="2"/><line nr="289" mi="0" ci="5" mb="0" cb="0"/><line nr="290" mi="0" ci="3" mb="0" cb="0"/><line nr="291" mi="0" ci="1" mb="0" cb="0"/><line nr="292" mi="0" ci="1" mb="0" cb="0"/><line nr="305" mi="4" ci="5" mb="1" cb="1"/><line nr="306" mi="0" ci="5" mb="0" cb="0"/><line nr="308" mi="0" ci="8" mb="0" cb="2"/><line nr="309" mi="0" ci="5" mb="0" cb="0"/><line nr="311" mi="0" ci="2" mb="0" cb="2"/><line nr="315" mi="0" ci="13" mb="0" cb="0"/><line nr="317" mi="0" ci="10" mb="0" cb="2"/><line nr="319" mi="0" ci="5" mb="0" cb="0"/><line nr="320" mi="0" ci="3" mb="0" cb="0"/><line nr="321" mi="0" ci="1" mb="0" cb="0"/><line nr="322" mi="0" ci="9" mb="0" cb="0"/><line nr="323" mi="0" ci="5" mb="0" cb="0"/><line nr="324" mi="0" ci="1" mb="0" cb="0"/><line nr="327" mi="0" ci="10" mb="0" cb="2"/><line nr="329" mi="0" ci="5" mb="0" cb="0"/><line nr="330" mi="0" ci="3" mb="0" cb="0"/><line nr="331" mi="0" ci="1" mb="0" cb="0"/><line nr="332" mi="0" ci="1" mb="0" cb="0"/><line nr="337" mi="0" ci="13" mb="0" cb="0"/><line nr="340" mi="0" ci="10" mb="0" cb="2"/><line nr="342" mi="0" ci="3" mb="0" cb="0"/><line nr="343" mi="0" ci="3" mb="0" cb="0"/><line nr="344" mi="0" ci="1" mb="0" cb="0"/><line nr="345" mi="0" ci="9" mb="0" cb="0"/><line nr="346" mi="0" ci="5" mb="0" cb="0"/><line nr="347" mi="0" ci="1" mb="0" cb="0"/><line nr="350" mi="0" ci="10" mb="0" cb="2"/><line nr="352" mi="0" ci="3" mb="0" cb="0"/><line nr="353" mi="0" ci="3" mb="0" cb="0"/><line nr="354" mi="0" ci="1" mb="0" cb="0"/><line nr="355" mi="0" ci="1" mb="0" cb="0"/><counter type="INSTRUCTION" missed="38" covered="551"/><counter type="BRANCH" missed="15" covered="79"/><counter type="LINE" missed="1" covered="112"/><counter type="COMPLEXITY" missed="15" covered="55"/><counter type="METHOD" missed="0" covered="23"/><counter type="CLASS" missed="0" covered="1"/></sourcefile><sourcefile name="SimpleOperation.java"><line nr="29" mi="0" ci="1" mb="0" cb="0"/><line nr="43" mi="0" ci="2" mb="0" cb="0"/><line nr="44" mi="4" ci="5" mb="2" cb="2"/><line nr="45" mi="0" ci="3" mb="0" cb="0"/><line nr="46" mi="0" ci="3" mb="0" cb="0"/><line nr="47" mi="0" ci="1" mb="0" cb="0"/><line nr="52" mi="0" ci="3" mb="0" cb="0"/><line nr="53" mi="0" ci="1" mb="0" cb="0"/><line nr="58" mi="0" ci="3" mb="0" cb="0"/><line nr="59" mi="0" ci="1" mb="0" cb="0"/><counter type="INSTRUCTION" missed="4" covered="23"/><counter type="BRANCH" missed="2" covered="2"/><counter type="LINE" missed="0" covered="10"/><counter type="COMPLEXITY" missed="2" covered="4"/><counter type="METHOD" missed="0" covered="4"/><counter type="CLASS" missed="0" covered="1"/></sourcefile><sourcefile name="ObjectDiagramBuilder.java"><line nr="36" mi="0" ci="1" mb="0" cb="0"/><line nr="47" mi="0" ci="3" mb="0" cb="0"/><line nr="48" mi="4" ci="5" mb="1" cb="1"/><line nr="49" mi="0" ci="1" mb="0" cb="0"/><line nr="56" mi="0" ci="8" mb="0" cb="0"/><line nr="57" mi="0" ci="4" mb="0" cb="2"/><line nr="59" mi="0" ci="3" mb="0" cb="0"/><line nr="60" mi="0" ci="3" mb="0" cb="0"/><line nr="61" mi="0" ci="14" mb="0" cb="0"/><line nr="62" mi="0" ci="4" mb="0" cb="0"/><line nr="64" mi="0" ci="1" mb="0" cb="0"/><line nr="72" mi="0" ci="4" mb="0" cb="0"/><line nr="73" mi="0" ci="13" mb="0" cb="2"/><line nr="75" mi="0" ci="3" mb="0" cb="2"/><line nr="77" mi="0" ci="1" mb="0" cb="0"/><line nr="79" mi="4" ci="3" mb="3" cb="1"/><line nr="81" mi="3" ci="0" mb="0" cb="0"/><line nr="83" mi="0" ci="10" mb="1" cb="3"/><line nr="85" mi="0" ci="5" mb="0" cb="0"/><line nr="87" mi="0" ci="1" mb="0" cb="0"/><line nr="90" mi="0" ci="3" mb="0" cb="2"/><line nr="92" mi="0" ci="8" mb="0" cb="0"/><line nr="96" mi="0" ci="2" mb="0" cb="0"/><line nr="102" mi="0" ci="3" mb="1" cb="1"/><line nr="104" mi="0" ci="3" mb="0" cb="0"/><line nr="108" mi="2" ci="0" mb="0" cb="0"/><line nr="115" mi="0" ci="2" mb="0" cb="0"/><line nr="116" mi="0" ci="6" mb="0" cb="2"/><line nr="118" mi="0" ci="5" mb="0" cb="0"/><line nr="120" mi="0" ci="2" mb="0" cb="2"/><line nr="122" mi="0" ci="10" mb="0" cb="0"/><line nr="123" mi="0" ci="4" mb="0" cb="0"/><line nr="124" mi="4" ci="0" mb="0" cb="0"/><line nr="127" mi="0" ci="2" mb="0" cb="2"/><line nr="129" mi="0" ci="5" mb="0" cb="0"/><line nr="131" mi="0" ci="2" mb="0" cb="0"/><counter type="INSTRUCTION" missed="17" covered="144"/><counter type="BRANCH" missed="6" covered="20"/><counter type="LINE" missed="3" covered="33"/><counter type="COMPLEXITY" missed="6" covered="17"/><counter type="METHOD" missed="1" covered="9"/><counter type="CLASS" missed="0" covered="1"/></sourcefile><sourcefile name="DiagramOperationProcessor.java"><line nr="33" mi="0" ci="3" mb="0" cb="0"/><line nr="35" mi="0" ci="5" mb="0" cb="0"/><line nr="36" mi="0" ci="5" mb="0" cb="0"/><line nr="37" mi="0" ci="4" mb="0" cb="0"/><line nr="48" mi="4" ci="3" mb="1" cb="1"/><line nr="49" mi="0" ci="2" mb="0" cb="0"/><line nr="50" mi="0" ci="5" mb="0" cb="0"/><line nr="51" mi="0" ci="1" mb="0" cb="0"/><line nr="58" mi="0" ci="4" mb="0" cb="2"/><line nr="60" mi="0" ci="4" mb="0" cb="2"/><line nr="62" mi="0" ci="2" mb="0" cb="0"/><line nr="66" mi="0" ci="10" mb="0" cb="2"/><line nr="71" mi="0" ci="8" mb="0" cb="2"/><line nr="77" mi="0" ci="10" mb="0" cb="0"/><line nr="85" mi="0" ci="3" mb="0" cb="0"/><line nr="86" mi="0" ci="4" mb="0" cb="2"/><line nr="88" mi="0" ci="5" mb="0" cb="0"/><line nr="90" mi="0" ci="1" mb="0" cb="0"/><line nr="101" mi="7" ci="0" mb="2" cb="0"/><line nr="102" mi="5" ci="0" mb="0" cb="0"/><line nr="103" mi="1" ci="0" mb="0" cb="0"/><line nr="112" mi="4" ci="4" mb="1" cb="1"/><line nr="113" mi="0" ci="10" mb="0" cb="0"/><line nr="114" mi="0" ci="2" mb="0" cb="0"/><line nr="115" mi="0" ci="5" mb="0" cb="0"/><line nr="116" mi="0" ci="1" mb="0" cb="0"/><line nr="125" mi="4" ci="4" mb="1" cb="1"/><line nr="126" mi="0" ci="10" mb="0" cb="0"/><line nr="127" mi="0" ci="2" mb="0" cb="0"/><line nr="128" mi="0" ci="5" mb="0" cb="0"/><line nr="129" mi="0" ci="1" mb="0" cb="0"/><line nr="136" mi="0" ci="8" mb="0" cb="2"/><line nr="144" mi="0" ci="8" mb="0" cb="2"/><counter type="INSTRUCTION" missed="25" covered="139"/><counter type="BRANCH" missed="5" covered="17"/><counter type="LINE" missed="3" covered="30"/><counter type="COMPLEXITY" missed="5" covered="17"/><counter type="METHOD" missed="1" covered="10"/><counter type="CLASS" missed="0" covered="1"/></sourcefile><counter type="INSTRUCTION" missed="313" covered="2801"/><counter type="BRANCH" missed="98" covered="344"/><counter type="LINE" missed="33" covered="553"/><counter type="COMPLEXITY" missed="103" covered="262"/><counter type="METHOD" missed="10" covered="134"/><counter type="CLASS" missed="0" covered="11"/></package><counter type="INSTRUCTION" missed="13106" covered="23601"/><counter type="BRANCH" missed="1190" covered="1984"/><counter type="LINE" missed="2265" covered="4439"/><counter type="COMPLEXITY" missed="1337" covered="1954"/><counter type="METHOD" missed="465" covered="1239"/><counter type="CLASS" missed="19" covered="195"/></report>